RPCS3 v0.0.30-15912-bc141831 Alpha | master
Intel(R) Xeon(R) CPU E5-2680 v4 @ 2.40GHz | 28 Threads | 15.84 GiB RAM | TSC: 2.394GHz | AVX+ | FMA3 | TSX disabled by default
Operating system: Windows, Major: 10, Minor: 0, Build: 19045, Service Pack: none, Compatibility mode: 0
Qt version: Compiled against Qt 6.6.1 | Run-time uses Qt 6.6.1
Current Time: 2024-01-05T08:02:49
Thread time: 0.000000s (0.000589Gc); Faults: 0 [rsx:0, spu:0]; [soft:0 hard:0]; Switches:[vol:0 unvol:0]; Wait:[0.000s, spur:0]
·! 0:00:00.018044 SYS: Initialization times before main(): 0.197731Gc
·! 0:00:00.018058 SYS: argc: 4, argv: 'C:\a2h\lau\roms\Action\Joint Strike 1942\..\..\..\program\emu\rpc\rpcs3.exe' '--no-gui' '--fullscreen' 'C:\a2h\lau\roms\Action\Joint Strike 1942\NPEB00026\USRDIR\EBOOT.BIN'
·! 0:00:00.252815 UUID: Installation ID: {913c4735-f552-4566-adf5-b1031619e14a}
·A 0:00:00.749407 {Vulkan Device Enumeration Thread} RSX: Found Vulkan-compatible GPU: 'AMD Radeon RX 6600' running on driver 2.0.283
·! 0:00:00.766805 {Vulkan Device Enumeration Thread} SIG: Thread time: 0.062500s (0.238341Gc); Faults: 0 [rsx:0, spu:0]; [soft:0 hard:0]; Switches:[vol:0 unvol:0]; Wait:[0.000s, spur:0]
·! 0:00:00.767252 CFG: Setting the default renderer to Vulkan. Default GPU: 'AMD Radeon RX 6600'
·! 0:00:00.768656 SYS: Setting user ID '00000001'
·! 0:00:00.787413 VFS: VFS config missing. Using default settings. Path: C:/a2h/lau/program/emu/rpc/config/vfs.yml
·! 0:00:00.787530 SYS: Using VFS config:
$(EmulatorDir): ""
/dev_hdd0/: $(EmulatorDir)dev_hdd0/
/dev_hdd1/: $(EmulatorDir)dev_hdd1/
/dev_flash/: $(EmulatorDir)dev_flash/
/dev_flash2/: $(EmulatorDir)dev_flash2/
/dev_flash3/: $(EmulatorDir)dev_flash3/
/dev_bdvd/: $(EmulatorDir)dev_bdvd/
/games/: $(EmulatorDir)games/
/app_home/: ""
/dev_usb***/:
  /dev_usb000:
    Path: $(EmulatorDir)dev_usb000/
    Serial: ""
    VID: ""
    PID: ""
·! 0:00:00.788026 VFS: Mounted path "/dev_hdd0" to "C:/a2h/lau/program/emu/rpc/dev_hdd0/"
·! 0:00:00.788037 VFS: Mounted path "/dev_flash" to "C:/a2h/lau/program/emu/rpc//dev_flash/"
·! 0:00:00.788040 VFS: Mounted path "/dev_flash2" to "C:/a2h/lau/program/emu/rpc//dev_flash2/"
·! 0:00:00.788042 VFS: Mounted path "/dev_flash3" to "C:/a2h/lau/program/emu/rpc//dev_flash3/"
·! 0:00:00.788048 VFS: Mounted path "/app_home" to "//"
·! 0:00:00.788102 VFS: Mounted path "/dev_usb000" to "C:/a2h/lau/program/emu/rpc/dev_usb000/"
·! 0:00:00.788897 SYS: Applying global config: C:/a2h/lau/program/emu/rpc//config.yml
·! 0:00:00.798052 SYS: Logged in as user '00000001' with the username 'User'
·! 0:00:00.798784 IPC: IPC config missing. Using default settings. Path: C:/a2h/lau/program/emu/rpc/config/ipc.yml
·! 0:00:00.798821 SYS: Using IPC config:
IPC Server enabled: false
IPC Port: 28012
·A 0:00:00.799135 SYS: Firmware version: 4.90
·! 0:00:00.810947 SYS: New timer resolution: 499 us (old=999 us, min=15625 us, max=500 us)
·! 0:00:00.810965 SYS: Option passed via command line: no-gui 
·! 0:00:00.810969 SYS: Option passed via command line: fullscreen 
·! 0:00:00.810974 SYS: Booting application from command line: C:\a2h\lau\roms\Action\Joint Strike 1942\NPEB00026\USRDIR\EBOOT.BIN
·! 0:00:00.812201 SYS: Selected config: mode=custom config, path=""
·! 0:00:00.812208 SYS: Path: C:/a2h/lau/roms/Action/Joint Strike 1942/NPEB00026/USRDIR/EBOOT.BIN
·! 0:00:00.814902 VFS: VFS config missing. Using default settings. Path: C:/a2h/lau/program/emu/rpc/config/vfs.yml
·! 0:00:00.814986 SYS: Using VFS config:
$(EmulatorDir): ""
/dev_hdd0/: $(EmulatorDir)dev_hdd0/
/dev_hdd1/: $(EmulatorDir)dev_hdd1/
/dev_flash/: $(EmulatorDir)dev_flash/
/dev_flash2/: $(EmulatorDir)dev_flash2/
/dev_flash3/: $(EmulatorDir)dev_flash3/
/dev_bdvd/: $(EmulatorDir)dev_bdvd/
/games/: $(EmulatorDir)games/
/app_home/: ""
/dev_usb***/:
  /dev_usb000:
    Path: $(EmulatorDir)dev_usb000/
    Serial: ""
    VID: ""
    PID: ""
·! 0:00:00.815196 VFS: Mounted path "/dev_hdd0" to "C:/a2h/lau/program/emu/rpc/dev_hdd0/"
·! 0:00:00.815377 VFS: Mounted path "/dev_flash" to "C:/a2h/lau/program/emu/rpc/dev_flash/"
·! 0:00:00.815565 VFS: Mounted path "/dev_flash2" to "C:/a2h/lau/program/emu/rpc/dev_flash2/"
·! 0:00:00.815748 VFS: Mounted path "/dev_flash3" to "C:/a2h/lau/program/emu/rpc/dev_flash3/"
·! 0:00:00.815992 VFS: Mounted path "/app_home" to "C:/a2h/lau/roms/Action/Joint Strike 1942/NPEB00026/USRDIR/"
·! 0:00:00.816232 VFS: Mounted path "/dev_usb000" to "C:/a2h/lau/program/emu/rpc/dev_usb000/"
·! 0:00:00.816262 SYS: Applying global config: C:/a2h/lau/program/emu/rpc//config.yml
·! 0:00:00.823246 SYS: Logged in as user '00000001' with the username 'User'
·! 0:00:00.823429 IPC: IPC config missing. Using default settings. Path: C:/a2h/lau/program/emu/rpc/config/ipc.yml
·! 0:00:00.823447 SYS: Using IPC config:
IPC Server enabled: false
IPC Port: 28012
·! 0:00:00.824355 VFS: Mounted path "/app_home" to "C:/a2h/lau/roms/Action/Joint Strike 1942/NPEB00026/USRDIR/"
·! 0:00:00.825308 SYS: Title: 1942: Joint Strike
·! 0:00:00.825313 SYS: Serial: NPEB00026
·! 0:00:00.825315 SYS: Category: HG
·! 0:00:00.825316 SYS: Version: APP_VER=01.00 VERSION=01.02
·! 0:00:00.829037 SYS: Vulkan SDK Revision: 268
·! 0:00:00.830550 SYS: Used configuration:
Core:
  PPU Decoder: Recompiler (LLVM)
  PPU Threads: 2
  PPU Debug: false
  PPU Calling History: false
  Save LLVM logs: false
  Use LLVM CPU: ""
  Max LLVM Compile Threads: 0
  PPU LLVM Greedy Mode: false
  LLVM Precompilation: true
  Thread Scheduler Mode: Operating System
  Set DAZ and FTZ: false
  SPU Decoder: Recompiler (LLVM)
  SPU Reservation Busy Waiting Percentage: 0
  SPU GETLLAR Busy Waiting Percentage: 100
  SPU Debug: false
  MFC Debug: false
  Preferred SPU Threads: 0
  SPU delay penalty: 3
  SPU loop detection: false
  Max SPURS Threads: 6
  SPU Block Size: Safe
  Accurate GETLLAR: false
  Accurate SPU DMA: false
  Accurate SPU Reservations: true
  Accurate Cache Line Stores: false
  Accurate RSX reservation access: false
  RSX FIFO Accuracy: Fast
  SPU Verification: true
  SPU Cache: true
  SPU Profiler: false
  MFC Commands Shuffling Limit: 0
  MFC Commands Timeout: 0
  MFC Commands Shuffling In Steps: false
  Enable TSX: Disabled
  XFloat Accuracy: Approximate
  Accurate PPU 128-byte Reservation Op Max Length: 0
  Stub PPU Traps: 0
  Full Width AVX-512: true
  PPU LLVM Java Mode Handling: true
  Use Accurate DFMA: true
  PPU Set Saturation Bit: false
  PPU Accurate Non-Java Mode: false
  PPU Fixup Vector NaN Values: false
  PPU Accurate Vector NaN Values: false
  PPU Set FPCC Bits: false
  Debug Console Mode: false
  Hook static functions: false
  Libraries Control:
    []
  HLE lwmutex: false
  SPU LLVM Lower Bound: 0
  SPU LLVM Upper Bound: 18446744073709551615
  TSX Transaction First Limit: 800
  TSX Transaction Second Limit: 2000
  Clocks scale: 100
  SPU Wake-Up Delay: 0
  SPU Wake-Up Delay Thread Mask: 63
  Max CPU Preempt Count: 0
  Allow RSX CPU Preemptions: true
  Sleep Timers Accuracy: Usleep Only
  Usleep Time Addend: 0
  Performance Report Threshold: 500
  Enable Performance Report: false
  Assume External Debugger: false
VFS:
  Enable /host_root/: false
  Initialize Directories: true
  Limit disk cache size: false
  Disk cache maximum size (MB): 5120
  Empty /dev_hdd0/tmp/: true
Video:
  Renderer: Vulkan
  Resolution: 1280x720
  Aspect ratio: 16:9
  Frame limit: PS3 Native
  Second Frame Limit: 0
  MSAA: Auto
  Shader Mode: Async Shader Recompiler
  Shader Precision: Low
  Write Color Buffers: false
  Write Depth Buffer: false
  Read Color Buffers: false
  Read Depth Buffer: false
  Handle RSX Memory Tiling: false
  Log shader programs: false
  VSync: true
  Debug output: false
  Debug overlay: false
  Renderdoc Compatibility Mode: false
  Use GPU texture scaling: false
  Stretch To Display Area: false
  Force High Precision Z buffer: false
  Strict Rendering Mode: false
  Disable ZCull Occlusion Queries: false
  Disable Video Output: false
  Disable Vertex Cache: false
  Disable FIFO Reordering: false
  Enable Frame Skip: false
  Force CPU Blit: false
  Disable On-Disk Shader Cache: false
  Disable Vulkan Memory Allocator: false
  Use full RGB output range: true
  Strict Texture Flushing: false
  Multithreaded RSX: false
  Relaxed ZCULL Sync: false
  Force Hardware MSAA Resolve: false
  3D Display Mode: Disabled
  Debug Program Analyser: false
  Accurate ZCULL stats: true
  Consecutive Frames To Draw: 1
  Consecutive Frames To Skip: 1
  Resolution Scale: 100
  Anisotropic Filter Override: 0
  Texture LOD Bias Addend: 0
  Minimum Scalable Dimension: 16
  Shader Compiler Threads: 0
  Driver Recovery Timeout: 1000000
  Driver Wake-Up Delay: 1
  Vblank Rate: 60
  Vblank NTSC Fixup: false
  DECR memory layout: false
  Allow Host GPU Labels: false
  Disable MSL Fast Math: false
  Output Scaling Mode: FidelityFX Super Resolution
  Vulkan:
    Adapter: AMD Radeon RX 6600
    Force FIFO present mode: false
    Force primitive restart flag: false
    Exclusive Fullscreen Mode: Automatic
    Asynchronous Texture Streaming 2: false
    FidelityFX CAS Sharpening Intensity: 50
    Asynchronous Queue Scheduler: Safe
    VRAM allocation limit (MB): 65536
  Performance Overlay:
    Enabled: false
    Enable Framerate Graph: false
    Enable Frametime Graph: false
    Framerate datapoints: 50
    Frametime datapoints: 170
    Detail level: Medium
    Framerate graph detail level: All
    Frametime graph detail level: All
    Metrics update interval (ms): 350
    Font size (px): 10
    Position: Top Left
    Font: n023055ms.ttf
    Horizontal Margin (px): 50
    Vertical Margin (px): 50
    Center Horizontally: false
    Center Vertically: false
    Opacity (%): 70
    Body Color (hex): "#FFE138FF"
    Body Background (hex): "#002339FF"
    Title Color (hex): "#F26C24FF"
    Title Background (hex): "#00000000"
  Shader Loading Dialog:
    Allow custom background: true
    Darkening effect strength: 30
    Blur effect strength: 0
Audio:
  Renderer: Cubeb
  Audio Provider: CellAudio
  RSXAudio Avport: HDMI 0
  Dump to file: false
  Convert to 16 bit: false
  Audio Format: Stereo
  Audio Formats: 0
  Audio Device: "@@@default@@@"
  Master Volume: 100
  Enable Buffering: true
  Desired Audio Buffer Duration: 100
  Enable Time Stretching: false
  Disable Sampling Skip: false
  Time Stretching Threshold: 75
  Microphone Type: "Null"
  Microphone Devices: "@@@@@@@@@@@@"
  Music Handler: Qt
Input/Output:
  Keyboard: "Null"
  Mouse: Basic
  Camera: "Null"
  Camera type: Unknown
  Camera flip: None
  Camera ID: Default
  Move: "Null"
  Buzz emulated controller: "Null"
  Turntable emulated controller: "Null"
  GHLtar emulated controller: "Null"
  Pad handler mode: Single-threaded
  Keep pads connected: false
  Pad handler sleep (microseconds): 1000
  Background input enabled: true
  Show move cursor: false
  Lock overlay input to player one: false
  Emulated Midi devices: Keyboardßßß@@@Keyboardßßß@@@Keyboardßßß@@@
  Load SDL GameController Mappings: true
System:
  License Area: SCEA
  Language: Spanish
  Keyboard Type: English keyboard (US standard)
  Enter button assignment: Enter with cross
  Console time offset (s): 0
  PSID high: 0
  PSID low: 0
  HDD Model Name: ""
  HDD Serial Number: ""
Net:
  Internet enabled: Disconnected
  IP address: 0.0.0.0
  Bind address: 0.0.0.0
  DNS address: 8.8.8.8
  IP swap list: ""
  UPNP Enabled: false
  PSN status: Disconnected
Savestate:
  Start Paused: false
  Suspend Emulation Savestate Mode: false
  Compatible Savestate Mode: false
  Inspection Mode Savestates: false
  Save Disc Game Data: false
Miscellaneous:
  Automatically start games after boot: true
  Exit RPCS3 when process finishes: false
  Pause emulation on RPCS3 focus loss: false
  Start games in fullscreen mode: true
  Prevent display sleep while running games: true
  Show trophy popups: false
  Show shader compilation hint: true
  Show PPU compilation hint: true
  Use native user interface: true
  GDB Server: 127.0.0.1:2345
  Silence All Logs: false
  Window Title Format: "FPS: %F | %R | %V | %T [%t]"
  Pause Emulation During Home Menu: false
Log:
  {}

·! 0:00:00.831629 SYS: Ignoring empty vfs BDVD directory: 'C:/a2h/lau/program/emu/rpc/dev_bdvd/'
·! 0:00:00.835373 CFG: Registered HG game directory for title 'NPEB00026': C:/a2h/lau/roms/Action/Joint Strike 1942/NPEB00026
·! 0:00:00.835573 VFS: Mounted path "/dev_hdd0/game/NPEB00026" to "C:/a2h/lau/roms/Action/Joint Strike 1942/NPEB00026/"
·! 0:00:00.840802 SELF: Loading RAP file EP0102-NPEB00026_00-1942XXXXX0123456.rap
·! 0:00:00.862654 VM: Guest memory bases address ranges:
vm::g_base_addr = 0000000300000000 - 00000003ffffffff
vm::g_sudo_addr = 0000000400000000 - 00000004ffffffff
vm::g_exec_addr = 0000000500000000 - 00000006ffffffff
vm::g_hook_addr = 0000000700000000 - 0000000effffffff
vm::g_stat_addr = 0000000f00000000 - 0000000fffffffff
vm::g_reservations = 0000000005f48000 - 0000000005f4ffff

·! 0:00:00.879090 SYS: Boot path: /dev_hdd0/game/NPEB00026/
·! 0:00:00.879098 SYS: Elf path: /dev_hdd0/game/NPEB00026/USRDIR/EBOOT.BIN
·! 0:00:00.880009 ppu_loader: ** Segment: p_type=0x1, p_vaddr=0x10000, p_filesz=0x2d61c8, p_memsz=0x2d61c8, flags=0x400005
·! 0:00:00.900374 ppu_loader: ** Segment: p_type=0x1, p_vaddr=0x2f0000, p_filesz=0x36d50, p_memsz=0x26bb90, flags=0x600006
·! 0:00:00.905261 ppu_loader: ** Segment: p_type=0x1, p_vaddr=0x0, p_filesz=0x0, p_memsz=0x0, flags=0x4
·! 0:00:00.905268 ppu_loader: ** Segment: p_type=0x1, p_vaddr=0x0, p_filesz=0x0, p_memsz=0x0, flags=0x6
·! 0:00:00.905270 ppu_loader: ** Segment: p_type=0x1, p_vaddr=0x0, p_filesz=0x0, p_memsz=0x0, flags=0x6600006
·! 0:00:00.905272 ppu_loader: ** Segment: p_type=0x7, p_vaddr=0x30e6d8, p_filesz=0x8, p_memsz=0x114, flags=0x4
·! 0:00:00.905273 ppu_loader: ** Segment: p_type=0x60000001, p_vaddr=0x2e6180, p_filesz=0x20, p_memsz=0x20, flags=0x0
·! 0:00:00.905275 ppu_loader: ** Segment: p_type=0x60000002, p_vaddr=0x2e61a0, p_filesz=0x28, p_memsz=0x28, flags=0x0
·! 0:00:00.905277 ppu_loader: ** Section: sh_type=0x0, addr=0x0, size=0x0, flags=0x0
·! 0:00:00.905279 ppu_loader: ** Section: sh_type=0x1000000, addr=0x10200, size=0x2c, flags=0x6
·! 0:00:00.905281 ppu_loader: ** Section: sh_type=0x1000000, addr=0x10230, size=0x2a1fe0, flags=0x6
·! 0:00:00.905283 ppu_loader: ** Section: sh_type=0x1000000, addr=0x2b2210, size=0x24, flags=0x6
·! 0:00:00.905285 ppu_loader: ** Section: sh_type=0x1000000, addr=0x2b2234, size=0x17c0, flags=0x6
·! 0:00:00.905287 ppu_loader: ** Section: sh_type=0x1000000, addr=0x2b39f4, size=0x4, flags=0x2
·! 0:00:00.905288 ppu_loader: ** Section: sh_type=0x1000000, addr=0x2b39f8, size=0xe0, flags=0x2
·! 0:00:00.905290 ppu_loader: ** Section: sh_type=0x1000000, addr=0x2b3ad8, size=0x2f8, flags=0x2
·! 0:00:00.905292 ppu_loader: ** Section: sh_type=0x1000000, addr=0x2b3dd0, size=0x4, flags=0x2
·! 0:00:00.905293 ppu_loader: ** Section: sh_type=0x1000000, addr=0x2b3dd4, size=0x4, flags=0x2
·! 0:00:00.905295 ppu_loader: ** Section: sh_type=0x1000000, addr=0x2b3dd8, size=0x4, flags=0x2
·! 0:00:00.905297 ppu_loader: ** Section: sh_type=0x1000000, addr=0x2b3ddc, size=0x268, flags=0x2
·! 0:00:00.905298 ppu_loader: ** Section: sh_type=0x1000000, addr=0x2b4044, size=0x4, flags=0x2
·! 0:00:00.905299 ppu_loader: ** Section: sh_type=0x1000000, addr=0x2b4050, size=0x18cb8, flags=0x2
·! 0:00:00.905301 ppu_loader: ** Section: sh_type=0x1000000, addr=0x2ccd80, size=0x19400, flags=0x3
·! 0:00:00.905304 ppu_loader: ** Section: sh_type=0x1000000, addr=0x2e6180, size=0x20, flags=0x3
·! 0:00:00.905305 ppu_loader: ** Section: sh_type=0x1000000, addr=0x2e61a0, size=0x28, flags=0x2
·! 0:00:00.905307 ppu_loader: ** Section: sh_type=0x1000000, addr=0x2f0000, size=0xf8, flags=0x3
·! 0:00:00.905308 ppu_loader: ** Section: sh_type=0x1000000, addr=0x2f00f8, size=0x38, flags=0x3
·! 0:00:00.905310 ppu_loader: ** Section: sh_type=0x1000000, addr=0x2f0130, size=0x4, flags=0x3
·! 0:00:00.905311 ppu_loader: ** Section: sh_type=0x1000000, addr=0x2f0138, size=0x2740, flags=0x3
·! 0:00:00.905313 ppu_loader: ** Section: sh_type=0x1000000, addr=0x2f2878, size=0x2f8, flags=0x3
·! 0:00:00.905315 ppu_loader: ** Section: sh_type=0x1000000, addr=0x2f2b70, size=0x12918, flags=0x3
·! 0:00:00.905316 ppu_loader: ** Section: sh_type=0x1000000, addr=0x305488, size=0x9250, flags=0x3
·! 0:00:00.905318 ppu_loader: ** Section: sh_type=0x1000000, addr=0x30e6d8, size=0x8, flags=0x403
·! 0:00:00.905320 ppu_loader: ** Section: sh_type=0x8000000, addr=0x30e6e0, size=0x10c, flags=0x403
·! 0:00:00.905321 ppu_loader: ** Section: sh_type=0x1000000, addr=0x30e7f0, size=0x18560, flags=0x3
·! 0:00:00.905323 ppu_loader: ** Section: sh_type=0x8000000, addr=0x326d80, size=0x234e10, flags=0x3
·! 0:00:00.905324 ppu_loader: ** Section: sh_type=0x1000000, addr=0x0, size=0x18f0, flags=0x0
·! 0:00:00.905326 ppu_loader: ** Section: sh_type=0x3000000, addr=0x0, size=0x127, flags=0x0
·W 0:00:00.905342 ppu_loader: PPU executable hash: PPU-163549855707b25d166599b09731a4bd83f1db8a
·! 0:00:00.916477 SPU: Found SPU function at: 0x03010
·! 0:00:00.916487 SPU: Found SPU function at: 0x03490
·! 0:00:00.916489 SPU: Found SPU function at: 0x038a8
·! 0:00:00.916490 SPU: Found SPU function at: 0x038e0
·! 0:00:00.916491 SPU: Found SPU function at: 0x043b8
·! 0:00:00.916492 SPU: Found SPU function at: 0x04440
·! 0:00:00.916493 SPU: Found SPU function at: 0x044a8
·! 0:00:00.916494 SPU: Found SPU function at: 0x04a68
·! 0:00:00.916495 SPU: Found SPU function at: 0x04c50
·! 0:00:00.916496 SPU: Found SPU function at: 0x04d80
·! 0:00:00.916497 SPU: Found SPU function at: 0x04e80
·! 0:00:00.916498 SPU: Found SPU function at: 0x05638
·! 0:00:00.916499 SPU: Found SPU function at: 0x05818
·! 0:00:00.916500 SPU: Found SPU function at: 0x058f0
·! 0:00:00.916501 SPU: Found SPU function at: 0x05ac8
·! 0:00:00.916502 SPU: Found SPU function at: 0x05c00
·! 0:00:00.916503 SPU: Found SPU function at: 0x06ab0
·! 0:00:00.916504 SPU: Found SPU function at: 0x06ec8
·! 0:00:00.916505 SPU: Found SPU function at: 0x07020
·! 0:00:00.916506 SPU: Found SPU function at: 0x07240
·! 0:00:00.916507 SPU: Found SPU function at: 0x07568
·! 0:00:00.916508 SPU: Found SPU function at: 0x08c30
·! 0:00:00.916509 SPU: Found SPU function at: 0x08cd8
·! 0:00:00.916510 SPU: Found SPU function at: 0x08e38
·! 0:00:00.916511 SPU: Found SPU function at: 0x08ea8
·! 0:00:00.916512 SPU: Found SPU function at: 0x08fa8
·! 0:00:00.916513 SPU: Found SPU function at: 0x090c0
·! 0:00:00.916514 SPU: Found SPU function at: 0x09198
·! 0:00:00.916515 SPU: Found SPU function at: 0x09260
·! 0:00:00.916516 SPU: Found SPU function at: 0x09330
·! 0:00:00.916517 SPU: Found SPU function at: 0x093e0
·! 0:00:00.916518 SPU: Found SPU function at: 0x09478
·! 0:00:00.916519 SPU: Found SPU function at: 0x09538
·! 0:00:00.916520 SPU: Found SPU function at: 0x09ae8
·! 0:00:00.916521 SPU: Found SPU function at: 0x09cc8
·! 0:00:00.916522 SPU: Found SPU function at: 0x09e68
·! 0:00:00.916523 SPU: Found SPU function at: 0x09ff8
·! 0:00:00.916524 SPU: Found SPU function at: 0x0a830
·! 0:00:00.916525 SPU: Found SPU function at: 0x0af28
·! 0:00:00.916526 SPU: Found SPU function at: 0x0bda8
·! 0:00:00.916527 SPU: Found SPU function at: 0x0c8d8
·! 0:00:00.916528 SPU: Found SPU function at: 0x0e288
·! 0:00:00.916528 SPU: Found SPU function at: 0x0e470
·! 0:00:00.916529 SPU: Found SPU function at: 0x0e490
·! 0:00:00.916530 SPU: Found SPU function at: 0x0e848
·! 0:00:00.916531 SPU: Found SPU function at: 0x0eb50
·! 0:00:00.916532 SPU: Found SPU function at: 0x0f278
·! 0:00:00.916533 SPU: Found SPU function at: 0x0f280
·! 0:00:00.916534 SPU: Found SPU function at: 0x0f2a8
·! 0:00:00.916535 SPU: Found SPU function at: 0x0f338
·! 0:00:00.916536 SPU: Found SPU function at: 0x0f760
·! 0:00:00.916537 SPU: Found SPU function at: 0x0f7e0
·! 0:00:00.916538 SPU: Found SPU function at: 0x0f9c8
·! 0:00:00.916539 SPU: Found SPU function at: 0x0fb10
·! 0:00:00.916540 SPU: Found SPU function at: 0x0fd90
·! 0:00:00.916541 SPU: Found SPU function at: 0x0fe58
·! 0:00:00.916542 SPU: Found 56 SPU functions
·W 0:00:00.916725 ppu_loader: SPU executable hash: SPU-5341f0f2dc4745da61abf4fdb4645fc8f745277e
	Segment: p_type=0x1, p_vaddr=0x3000, p_filesz=0xdba0, p_memsz=0xdba0, p_offset=0x100
	Segment: p_type=0x1, p_vaddr=0x10c00, p_filesz=0x180, p_memsz=0x2ca60, p_offset=0xdd00
	Segment: p_type=0x4, p_vaddr=0x0, p_filesz=0x34, p_memsz=0x0, p_offset=0xde80
	SPUNAME: 'spu/msngSPURS_ATRAC' (image addr: 0x2ccd80, size: 0xe658)
·S 0:00:00.916778 PPU: Found SPURS GUID Pattern at 0x2e5e80
·! 0:00:00.917092 ppu_loader: SELF header information found: ctrl_flags1=0x0, authid=0x1010000001000003
·! 0:00:00.917096 ppu_loader: TLS info segment found: tls-image=*0x30e6d8, image-size=0x8, tls-size=0x114
·! 0:00:00.917100 ppu_loader: *** sdk version: 0x210001
·! 0:00:00.917102 ppu_loader: *** primary prio: 1001
·! 0:00:00.917103 ppu_loader: *** primary stacksize: 0x20000
·! 0:00:00.917104 ppu_loader: *** malloc pagesize: 0x100000
·! 0:00:00.917105 ppu_loader: *** ppc seg: 0x0
·! 0:00:00.917107 ppu_loader: * libent_start = *0x2b3dd4
·! 0:00:00.917108 ppu_loader: * libstub_start = *0x2b3ddc
·! 0:00:00.917109 ppu_loader: * unk0 = 0x0
·! 0:00:00.917110 ppu_loader: * unk2 = 0x0
·! 0:00:00.919411 ppu_loader: ** Imported module 'cellGcmSys' (ver=0x1, attr=0x9, 0x0, 0x0) [0x2b3ddc]
·! 0:00:00.919425 ppu_loader: **** cellGcmSys import: [cellGcmGetTiledPitchSize] (0x055bd74d) -> 0x2b2234
·! 0:00:00.919445 ppu_loader: **** cellGcmSys import: [_cellGcmInitBody] (0x15bae46b) -> 0x2b2254
·! 0:00:00.919448 ppu_loader: **** cellGcmSys import: [_cellGcmSetFlipCommand] (0x21397818) -> 0x2b2274
·! 0:00:00.919453 ppu_loader: **** cellGcmSys import: [cellGcmAddressToOffset] (0x21ac3697) -> 0x2b2294
·! 0:00:00.919455 ppu_loader: **** cellGcmSys import: [_cellGcmFunc15] (0x3a33c1fd) -> 0x2b22b4
·! 0:00:00.919457 ppu_loader: **** cellGcmSys import: [cellGcmSetFlipMode] (0x4ae8d215) -> 0x2b22d4
·! 0:00:00.919459 ppu_loader: **** cellGcmSys import: [cellGcmSetFlipHandler] (0xa41ef7e8) -> 0x2b22f4
·! 0:00:00.919461 ppu_loader: **** cellGcmSys import: [cellGcmSetDisplayBuffer] (0xa53d12ae) -> 0x2b2314
·! 0:00:00.919463 ppu_loader: **** cellGcmSys import: [cellGcmGetControlRegister] (0xa547adde) -> 0x2b2334
·! 0:00:00.919466 ppu_loader: **** cellGcmSys import: [cellGcmSetInvalidateTile] (0xbd6d60d9) -> 0x2b2354
·! 0:00:00.919468 ppu_loader: **** cellGcmSys import: [cellGcmSetTile] (0xd0b1d189) -> 0x2b2374
·! 0:00:00.919470 ppu_loader: **** cellGcmSys import: [cellGcmSetZcull] (0xd34a420d) -> 0x2b2394
·! 0:00:00.919472 ppu_loader: **** cellGcmSys import: [cellGcmGetConfiguration] (0xe315a0b2) -> 0x2b23b4
·! 0:00:00.919474 ppu_loader: **** cellGcmSys import: [cellGcmGetLabelAddress] (0xf80196c1) -> 0x2b23d4
·! 0:00:00.919475 ppu_loader: ** Imported module 'cellSysmodule' (ver=0x1, attr=0x9, 0x0, 0x0) [0x2b3e08]
·! 0:00:00.919481 ppu_loader: **** cellSysmodule import: [cellSysmoduleUnloadModule] (0x112a5ee9) -> 0x2b23f4
·! 0:00:00.919484 ppu_loader: **** cellSysmodule import: [cellSysmoduleLoadModule] (0x32267a31) -> 0x2b2414
·! 0:00:00.919486 ppu_loader: ** Imported module 'cellSysutil' (ver=0x1, attr=0x9, 0x0, 0x0) [0x2b3e34]
·! 0:00:00.919488 ppu_loader: **** cellSysutil import: [cellVideoOutConfigure] (0x0bae8772) -> 0x2b2434
·! 0:00:00.919491 ppu_loader: **** cellSysutil import: [cellVideoOutGetConfiguration] (0x15b0b0cd) -> 0x2b2454
·! 0:00:00.919493 ppu_loader: **** cellSysutil import: [cellSysutilAvcJoinRequest] (0x17dbe8b3) -> 0x2b2474
·! 0:00:00.919495 ppu_loader: **** cellSysutil import: [cellSysutilCheckCallback] (0x189a74da) -> 0x2b2494
·! 0:00:00.919497 ppu_loader: **** cellSysutil import: [cellSaveDataListLoad2] (0x1dfbfdd6) -> 0x2b24b4
·! 0:00:00.919499 ppu_loader: **** cellSysutil import: [cellSysCacheMount] (0x1e7bff94) -> 0x2b24d4
·! 0:00:00.919501 ppu_loader: **** cellSysutil import: [cellVideoOutGetDeviceInfo] (0x1e930eef) -> 0x2b24f4
·! 0:00:00.919503 ppu_loader: **** cellSysutil import: [cellSaveDataFixedLoad2] (0x2a8eada2) -> 0x2b2514
·! 0:00:00.919504 ppu_loader: **** cellSysutil import: [cellSaveDataFixedSave2] (0x2aae9ef5) -> 0x2b2534
·! 0:00:00.919507 ppu_loader: **** cellSysutil import: [cellSaveDataListSave2] (0x2de0d663) -> 0x2b2554
·! 0:00:00.919508 ppu_loader: **** cellSysutil import: [cellSysutilAvcSetVoiceMuting] (0x4056c932) -> 0x2b2574
·! 0:00:00.919510 ppu_loader: **** cellSysutil import: [cellSysutilGetSystemParamInt] (0x40e895d3) -> 0x2b2594
·! 0:00:00.919512 ppu_loader: **** cellSysutil import: [cellAudioOutConfigure] (0x4692ab35) -> 0x2b25b4
·! 0:00:00.919514 ppu_loader: **** cellSysutil import: [cellSysutilAvcUnloadAsync] (0x6c673f78) -> 0x2b25d4
·! 0:00:00.919516 ppu_loader: **** cellSysutil import: [cellMsgDialogOpen2] (0x7603d3db) -> 0x2b25f4
·! 0:00:00.919520 ppu_loader: **** cellSysutil import: [cellVideoOutGetState] (0x887572d5) -> 0x2b2614
·! 0:00:00.919522 ppu_loader: **** cellSysutil import: [cellSaveDataAutoSave2] (0x8b7ed64b) -> 0x2b2634
·! 0:00:00.919524 ppu_loader: **** cellSysutil import: [cellHddGameCheck] (0x9117df20) -> 0x2b2654
·! 0:00:00.919526 ppu_loader: **** cellSysutil import: [cellSysutilRegisterCallback] (0x9d98afa0) -> 0x2b2674
·! 0:00:00.919528 ppu_loader: **** cellSysutil import: [cellVideoOutGetResolutionAvailability] (0xa322db75) -> 0x2b2694
·! 0:00:00.919530 ppu_loader: **** cellSysutil import: [cellAudioOutGetSoundAvailability] (0xc01b4e7c) -> 0x2b26b4
·! 0:00:00.919532 ppu_loader: **** cellSysutil import: [cellVideoOutGetResolution] (0xe558748d) -> 0x2b26d4
·! 0:00:00.919534 ppu_loader: **** cellSysutil import: [cellSysutilAvcSetAttribute] (0xeca938ca) -> 0x2b26f4
·! 0:00:00.919536 ppu_loader: **** cellSysutil import: [cellSaveDataDelete2] (0xedadd797) -> 0x2b2714
·! 0:00:00.919538 ppu_loader: **** cellSysutil import: [cellSysutilAvcByeRequest] (0xf2c4a425) -> 0x2b2734
·! 0:00:00.919540 ppu_loader: **** cellSysutil import: [cellAudioOutGetState] (0xf4e3caa0) -> 0x2b2754
·! 0:00:00.919542 ppu_loader: **** cellSysutil import: [cellSaveDataAutoLoad2] (0xfbd5c856) -> 0x2b2774
·! 0:00:00.919544 ppu_loader: ** Imported module 'cellSysutilAvcExt' (ver=0x1, attr=0x9, 0x0, 0x0) [0x2b3e60]
·! 0:00:00.919547 ppu_loader: **** cellSysutilAvcExt import: [cellSysutilAvcExtSetChatMode] (0x2fff23f0) -> 0x2b2794
·! 0:00:00.919549 ppu_loader: **** cellSysutilAvcExt import: [cellSysutilAvcExtLoadAsyncEx] (0x51ccbe09) -> 0x2b27b4
·! 0:00:00.919551 ppu_loader: **** cellSysutilAvcExt import: [cellSysutilAvcExtStopVoiceDetection] (0x5ba98e47) -> 0x2b27d4
·! 0:00:00.919554 ppu_loader: **** cellSysutilAvcExt import: [cellSysutilAvcExtSetChatGroup] (0x75f14d18) -> 0x2b27f4
·! 0:00:00.919556 ppu_loader: **** cellSysutilAvcExt import: [cellSysutilAvcExtStartVoiceDetection] (0xc851a4c0) -> 0x2b2814
·! 0:00:00.919558 ppu_loader: **** cellSysutilAvcExt import: [cellSysutilAvcExtInitOptionParam] (0xd8685383) -> 0x2b2834
·! 0:00:00.919560 ppu_loader: ** Imported module 'sceNp' (ver=0x1, attr=0x9, 0x0, 0x0) [0x2b3e8c]
·! 0:00:00.919563 ppu_loader: **** sceNp import: [sceNpMatchingGetResult] (0x03c741a7) -> 0x2b2854
·! 0:00:00.919565 ppu_loader: **** sceNp import: [sceNpBasicGetFriendListEntry] (0x04372385) -> 0x2b2874
·! 0:00:00.919567 ppu_loader: **** sceNp import: [sceNpMatchingQuickMatchGUI] (0x14497465) -> 0x2b2894
·! 0:00:00.919569 ppu_loader: **** sceNp import: [sceNpSignalingGetConnectionInfo] (0x155de760) -> 0x2b28b4
·! 0:00:00.919571 ppu_loader: **** sceNp import: [sceNpScoreGetRankingByRangeAsync] (0x21206642) -> 0x2b28d4
·! 0:00:00.919573 ppu_loader: **** sceNp import: [sceNpScoreDestroyTitleCtx] (0x259113b8) -> 0x2b28f4
·! 0:00:00.919575 ppu_loader: **** sceNp import: [sceNpMatchingGetResultGUI] (0x26b3bc94) -> 0x2b2914
·! 0:00:00.919577 ppu_loader: **** sceNp import: [sceNpMatchingAcceptInvitationGUI] (0x2ad7837d) -> 0x2b2934
·! 0:00:00.919579 ppu_loader: **** sceNp import: [sceNpMatchingDestroyCtx] (0x2e1c5068) -> 0x2b2954
·! 0:00:00.919581 ppu_loader: **** sceNp import: [sceNpScoreInit] (0x32cf311f) -> 0x2b2974
·! 0:00:00.919583 ppu_loader: **** sceNp import: [sceNpMatchingCreateRoomGUI] (0x3cc8588a) -> 0x2b2994
·! 0:00:00.919585 ppu_loader: **** sceNp import: [sceNpScoreGetRankingByNpIdAsync] (0x3db7914d) -> 0x2b29b4
·! 0:00:00.919587 ppu_loader: **** sceNp import: [sceNpMatchingJoinRoomGUI] (0x474b7b13) -> 0x2b29d4
·! 0:00:00.919589 ppu_loader: **** sceNp import: [sceNpTerm] (0x4885aa18) -> 0x2b29f4
·! 0:00:00.919591 ppu_loader: **** sceNp import: [sceNpMatchingSetRoomInfoNoLimit] (0x4a18a89e) -> 0x2b2a14
·! 0:00:00.919593 ppu_loader: **** sceNp import: [sceNpSignalingActivateConnection] (0x60897c38) -> 0x2b2a34
·! 0:00:00.919597 ppu_loader: **** sceNp import: [sceNpSignalingCreateCtx] (0x6356082e) -> 0x2b2a54
·! 0:00:00.919599 ppu_loader: **** sceNp import: [sceNpManagerGetContentRatingFlag] (0x6ee62ed2) -> 0x2b2a74
·! 0:00:00.919601 ppu_loader: **** sceNp import: [sceNpScoreCreateTransactionCtx] (0x6f5e8143) -> 0x2b2a94
·! 0:00:00.919603 ppu_loader: **** sceNp import: [sceNpMatchingSendInvitationGUI] (0x8b7bbd73) -> 0x2b2ab4
·! 0:00:00.919605 ppu_loader: **** sceNp import: [sceNpSignalingTerminateConnection] (0x95c7bba3) -> 0x2b2ad4
·! 0:00:00.919607 ppu_loader: **** sceNp import: [sceNpScoreTerm] (0x9851f805) -> 0x2b2af4
·! 0:00:00.919609 ppu_loader: **** sceNp import: [sceNpMatchingSetRoomSearchFlag] (0xa284bd1d) -> 0x2b2b14
·! 0:00:00.919611 ppu_loader: **** sceNp import: [sceNpScorePollAsync] (0xa7a090e5) -> 0x2b2b34
·! 0:00:00.919613 ppu_loader: **** sceNp import: [sceNpManagerGetStatus] (0xa7bff757) -> 0x2b2b54
·! 0:00:00.919615 ppu_loader: **** sceNp import: [sceNpSignalingDestroyCtx] (0xa8cf8451) -> 0x2b2b74
·! 0:00:00.919616 ppu_loader: **** sceNp import: [sceNpMatchingCreateCtx] (0xac66568c) -> 0x2b2b94
·! 0:00:00.919618 ppu_loader: **** sceNp import: [sceNpDrmIsAvailable] (0xad218faf) -> 0x2b2bb4
·! 0:00:00.919620 ppu_loader: **** sceNp import: [sceNpBasicGetFriendListEntryCount] (0xafef640d) -> 0x2b2bd4
·! 0:00:00.919625 ppu_loader: **** sceNp import: [sceNpScoreCreateTitleCtx] (0xb9f93bbb) -> 0x2b2bf4
·! 0:00:00.919627 ppu_loader: **** sceNp import: [sceNpInit] (0xbd28fdbf) -> 0x2b2c14
·! 0:00:00.919629 ppu_loader: **** sceNp import: [sceNpScoreDestroyTransactionCtx] (0xc5f4cf82) -> 0x2b2c34
·! 0:00:00.919631 ppu_loader: **** sceNp import: [sceNpSignalingGetConnectionStatus] (0xca0a2d04) -> 0x2b2c54
·! 0:00:00.919633 ppu_loader: **** sceNp import: [sceNpUtilCmpNpId] (0xd208f91d) -> 0x2b2c74
·! 0:00:00.919637 ppu_loader: **** sceNp import: [sceNpMatchingGetRoomListLimitGUI] (0xe24eea19) -> 0x2b2c94
·! 0:00:00.919639 ppu_loader: **** sceNp import: [sceNpManagerGetChatRestrictionFlag] (0xeb7a3d84) -> 0x2b2cb4
·! 0:00:00.919640 ppu_loader: **** sceNp import: [sceNpScoreRecordScoreAsync] (0xf0b1e399) -> 0x2b2cd4
·! 0:00:00.919642 ppu_loader: **** sceNp import: [sceNpManagerGetOnlineName] (0xf42c0df8) -> 0x2b2cf4
·! 0:00:00.919644 ppu_loader: **** sceNp import: [sceNpMatchingLeaveRoom] (0xf806c54c) -> 0x2b2d14
·! 0:00:00.919646 ppu_loader: **** sceNp import: [sceNpSignalingDeactivateConnection] (0xfd0eb5ae) -> 0x2b2d34
·! 0:00:00.919648 ppu_loader: **** sceNp import: [sceNpManagerGetNpId] (0xfe37a7f4) -> 0x2b2d54
·! 0:00:00.919650 ppu_loader: ** Imported module 'cellKey2char' (ver=0x1, attr=0x9, 0x0, 0x0) [0x2b3eb8]
·! 0:00:00.919652 ppu_loader: **** cellKey2char import: [cellKey2CharClose] (0x14bf2dc1) -> 0x2b2d74
·! 0:00:00.919654 ppu_loader: **** cellKey2char import: [cellKey2CharGetChar] (0x56776c0d) -> 0x2b2d94
·! 0:00:00.919656 ppu_loader: **** cellKey2char import: [cellKey2CharOpen] (0xabf629c1) -> 0x2b2db4
·! 0:00:00.919658 ppu_loader: **** cellKey2char import: [cellKey2CharSetMode] (0xbfc03768) -> 0x2b2dd4
·! 0:00:00.919660 ppu_loader: ** Imported module 'cellAudio' (ver=0x1, attr=0x9, 0x0, 0x0) [0x2b3ee4]
·! 0:00:00.919662 ppu_loader: **** cellAudio import: [cellAudioInit] (0x0b168f92) -> 0x2b2df4
·! 0:00:00.919674 ppu_loader: **** cellAudio import: [cellAudioPortStop] (0x5b1e2c73) -> 0x2b2e14
·! 0:00:00.919677 ppu_loader: **** cellAudio import: [cellAudioGetPortConfig] (0x74a66af0) -> 0x2b2e34
·! 0:00:00.919680 ppu_loader: **** cellAudio import: [cellAudioPortStart] (0x89be28f2) -> 0x2b2e54
·! 0:00:00.919682 ppu_loader: **** cellAudio import: [cellAudioQuit] (0xca5ac370) -> 0x2b2e74
·! 0:00:00.919684 ppu_loader: **** cellAudio import: [cellAudioPortOpen] (0xcd7bc431) -> 0x2b2e94
·! 0:00:00.919686 ppu_loader: ** Imported module 'sys_io' (ver=0x1, attr=0x9, 0x0, 0x0) [0x2b3f10]
·! 0:00:00.919688 ppu_loader: **** sys_io import: [cellPadInfoPressMode] (0x0e2dfaad) -> 0x2b2eb4
·! 0:00:00.919690 ppu_loader: **** sys_io import: [cellPadInit] (0x1cf98800) -> 0x2b2ed4
·! 0:00:00.919692 ppu_loader: **** sys_io import: [cellKbGetInfo] (0x2f1774d5) -> 0x2b2ef4
·! 0:00:00.919694 ppu_loader: **** sys_io import: [cellMouseGetData] (0x3138e632) -> 0x2b2f14
·! 0:00:00.919696 ppu_loader: **** sys_io import: [cellPadGetInfo] (0x3aaad464) -> 0x2b2f34
·! 0:00:00.919698 ppu_loader: **** sys_io import: [cellKbInit] (0x433f6ec0) -> 0x2b2f54
·! 0:00:00.919700 ppu_loader: **** sys_io import: [cellMouseGetInfo] (0x5baf30fb) -> 0x2b2f74
·! 0:00:00.919702 ppu_loader: **** sys_io import: [cellPadInfoSensorMode] (0x78200559) -> 0x2b2f94
·! 0:00:00.919704 ppu_loader: **** sys_io import: [cellPadGetData] (0x8b72cda1) -> 0x2b2fb4
·! 0:00:00.919706 ppu_loader: **** sys_io import: [cellKbSetCodeType] (0xa5f85e4d) -> 0x2b2fd4
·! 0:00:00.919708 ppu_loader: **** sys_io import: [cellPadSetSensorMode] (0xbe5be3ba) -> 0x2b2ff4
·! 0:00:00.919710 ppu_loader: **** sys_io import: [cellKbEnd] (0xbfce3285) -> 0x2b3014
·! 0:00:00.919712 ppu_loader: **** sys_io import: [cellMouseInit] (0xc9030138) -> 0x2b3034
·! 0:00:00.919714 ppu_loader: **** sys_io import: [cellPadGetCapabilityInfo] (0xdbf4c59c) -> 0x2b3054
·! 0:00:00.919716 ppu_loader: **** sys_io import: [cellKbSetReadMode] (0xdeefdfa7) -> 0x2b3074
·! 0:00:00.919717 ppu_loader: **** sys_io import: [cellMouseEnd] (0xe10183ce) -> 0x2b3094
·! 0:00:00.919721 ppu_loader: **** sys_io import: [cellPadSetActDirect] (0xf65544ee) -> 0x2b30b4
·! 0:00:00.919723 ppu_loader: **** sys_io import: [cellPadSetPressMode] (0xf83f8182) -> 0x2b30d4
·! 0:00:00.919725 ppu_loader: **** sys_io import: [cellKbRead] (0xff0a21b7) -> 0x2b30f4
·! 0:00:00.919727 ppu_loader: ** Imported module 'sys_fs' (ver=0x1, attr=0x9, 0x0, 0x0) [0x2b3f3c]
·! 0:00:00.919730 ppu_loader: **** sys_fs import: [cellFsClose] (0x2cb51f0d) -> 0x2b3114
·! 0:00:00.919732 ppu_loader: **** sys_fs import: [cellFsOpendir] (0x3f61245c) -> 0x2b3134
·! 0:00:00.919734 ppu_loader: **** sys_fs import: [cellFsRead] (0x4d5ff8e2) -> 0x2b3154
·! 0:00:00.919736 ppu_loader: **** sys_fs import: [cellFsReaddir] (0x5c74903d) -> 0x2b3174
·! 0:00:00.919737 ppu_loader: **** sys_fs import: [cellFsOpen] (0x718bf5f8) -> 0x2b3194
·! 0:00:00.919739 ppu_loader: **** sys_fs import: [cellFsUnlink] (0x7f4677a8) -> 0x2b31b4
·! 0:00:00.919741 ppu_loader: **** sys_fs import: [cellFsFsync] (0x967a162b) -> 0x2b31d4
·! 0:00:00.919743 ppu_loader: **** sys_fs import: [cellFsAioFinish] (0x9f951810) -> 0x2b31f4
·! 0:00:00.919786 ppu_loader: **** sys_fs import: [cellFsLseek] (0xa397d042) -> 0x2b3214
·! 0:00:00.919791 ppu_loader: **** sys_fs import: [cellFsAioRead] (0xc1c507e7) -> 0x2b3234
·! 0:00:00.919795 ppu_loader: **** sys_fs import: [cellFsAioInit] (0xdb869f20) -> 0x2b3254
·! 0:00:00.919797 ppu_loader: **** sys_fs import: [cellFsWrite] (0xecdcf2ab) -> 0x2b3274
·! 0:00:00.919799 ppu_loader: **** sys_fs import: [cellFsFstat] (0xef3efa34) -> 0x2b3294
·! 0:00:00.919800 ppu_loader: **** sys_fs import: [cellFsClosedir] (0xff42dcc3) -> 0x2b32b4
·! 0:00:00.919802 ppu_loader: ** Imported module 'sys_net' (ver=0x1, attr=0x9, 0x0, 0x0) [0x2b3f68]
·! 0:00:00.919805 ppu_loader: **** sys_net import: [sys_net_initialize_network_ex] (0x139a9e9b) -> 0x2b32d4
·! 0:00:00.919807 ppu_loader: **** sys_net import: [recvfrom] (0x1f953b9f) -> 0x2b32f4
·! 0:00:00.919809 ppu_loader: **** sys_net import: [listen] (0x28e208bb) -> 0x2b3314
·! 0:00:00.919811 ppu_loader: **** sys_net import: [connect] (0x64f66d35) -> 0x2b3334
·! 0:00:00.919812 ppu_loader: **** sys_net import: [socketclose] (0x6db6e8cd) -> 0x2b3354
·! 0:00:00.919814 ppu_loader: **** sys_net import: [setsockopt] (0x88f03575) -> 0x2b3374
·! 0:00:00.919816 ppu_loader: **** sys_net import: [sendto] (0x9647570b) -> 0x2b3394
·! 0:00:00.919818 ppu_loader: **** sys_net import: [socket] (0x9c056962) -> 0x2b33b4
·! 0:00:00.919819 ppu_loader: **** sys_net import: [bind] (0xb0a59804) -> 0x2b33d4
·! 0:00:00.919821 ppu_loader: **** sys_net import: [sys_net_finalize_network] (0xb68d5625) -> 0x2b33f4
·! 0:00:00.919823 ppu_loader: **** sys_net import: [accept] (0xc94f6939) -> 0x2b3414
·! 0:00:00.919825 ppu_loader: **** sys_net import: [inet_addr] (0xdabbc2c0) -> 0x2b3434
·! 0:00:00.919827 ppu_loader: **** sys_net import: [send] (0xdc751b40) -> 0x2b3454
·! 0:00:00.919829 ppu_loader: **** sys_net import: [recv] (0xfba04f37) -> 0x2b3474
·! 0:00:00.919830 ppu_loader: ** Imported module 'cellNetCtl' (ver=0x1, attr=0x9, 0x0, 0x0) [0x2b3f94]
·! 0:00:00.919834 ppu_loader: **** cellNetCtl import: [cellNetCtlNetStartDialogLoadAsync] (0x04459230) -> 0x2b3494
·! 0:00:00.919837 ppu_loader: **** cellNetCtl import: [cellNetCtlNetStartDialogUnloadAsync] (0x0f1f13d3) -> 0x2b34b4
·! 0:00:00.919841 ppu_loader: **** cellNetCtl import: [cellNetCtlTerm] (0x105ee2cb) -> 0x2b34d4
·! 0:00:00.919844 ppu_loader: **** cellNetCtl import: [cellNetCtlGetInfo] (0x1e585b5d) -> 0x2b34f4
·! 0:00:00.919846 ppu_loader: **** cellNetCtl import: [cellNetCtlGetState] (0x8b3eba69) -> 0x2b3514
·! 0:00:00.919849 ppu_loader: **** cellNetCtl import: [cellNetCtlInit] (0xbd5a59fc) -> 0x2b3534
·! 0:00:00.919850 ppu_loader: ** Imported module 'cellRtc' (ver=0x1, attr=0x9, 0x0, 0x0) [0x2b3fc0]
·! 0:00:00.919853 ppu_loader: **** cellRtc import: [cellRtcGetCurrentClockLocalTime] (0x2cce9cf5) -> 0x2b3554
·! 0:00:00.919857 ppu_loader: **** cellRtc import: [cellRtcGetTime_t] (0xcb90c761) -> 0x2b3574
·! 0:00:00.919859 ppu_loader: ** Imported module 'cellSpurs' (ver=0x1, attr=0x9, 0x0, 0x0) [0x2b3fec]
·! 0:00:00.919862 ppu_loader: **** cellSpurs import: [cellSpursAttributeSetNamePrefix] (0x07529113) -> 0x2b3594
·! 0:00:00.919865 ppu_loader: **** cellSpurs import: [cellSpursEventFlagDetachLv2EventQueue] (0x22aab31d) -> 0x2b35b4
·! 0:00:00.919867 ppu_loader: **** cellSpurs import: [cellSpursCreateJobChainWithAttribute] (0x303c19cd) -> 0x2b35d4
·! 0:00:00.919869 ppu_loader: **** cellSpurs import: [_cellSpursJobChainAttributeInitialize] (0x3548f483) -> 0x2b35f4
·! 0:00:00.919871 ppu_loader: **** cellSpurs import: [cellSpursEventFlagWait] (0x373523d4) -> 0x2b3614
·! 0:00:00.919873 ppu_loader: **** cellSpurs import: [cellSpursDetachLv2EventQueue] (0x4e66d483) -> 0x2b3634
·! 0:00:00.919875 ppu_loader: **** cellSpurs import: [cellSpursCreateTaskset] (0x52cc6c82) -> 0x2b3654
·! 0:00:00.919876 ppu_loader: **** cellSpurs import: [_cellSpursEventFlagInitialize] (0x5ef96465) -> 0x2b3674
·! 0:00:00.919878 ppu_loader: **** cellSpurs import: [cellSpursEventFlagAttachLv2EventQueue] (0x87630976) -> 0x2b3694
·! 0:00:00.919880 ppu_loader: **** cellSpurs import: [_cellSpursAttributeInitialize] (0x95180230) -> 0x2b36b4
·! 0:00:00.919882 ppu_loader: **** cellSpurs import: [cellSpursJoinTaskset] (0x9f72add3) -> 0x2b36d4
·! 0:00:00.919884 ppu_loader: **** cellSpurs import: [cellSpursJobChainAttributeSetName] (0x9fef70c2) -> 0x2b36f4
·! 0:00:00.919886 ppu_loader: **** cellSpurs import: [cellSpursShutdownTaskset] (0xa789e631) -> 0x2b3714
·! 0:00:00.919887 ppu_loader: **** cellSpurs import: [cellSpursJoinJobChain] (0xa7c066de) -> 0x2b3734
·! 0:00:00.919890 ppu_loader: **** cellSpurs import: [cellSpursInitializeWithAttribute] (0xaa6269a8) -> 0x2b3754
·! 0:00:00.919891 ppu_loader: **** cellSpurs import: [cellSpursAttachLv2EventQueue] (0xb9bc6207) -> 0x2b3774
·! 0:00:00.919893 ppu_loader: **** cellSpurs import: [cellSpursCreateTask] (0xbeb600ac) -> 0x2b3794
·! 0:00:00.919895 ppu_loader: **** cellSpurs import: [cellSpursFinalize] (0xca4c4600) -> 0x2b37b4
·! 0:00:00.919897 ppu_loader: **** cellSpurs import: [_cellSpursSendSignal] (0xe0a6dbe4) -> 0x2b37d4
·! 0:00:00.919899 ppu_loader: **** cellSpurs import: [cellSpursRunJobChain] (0xf31731bb) -> 0x2b37f4
·! 0:00:00.919901 ppu_loader: ** Imported module 'sysPrxForUser' (ver=0x1, attr=0x9, 0x0, 0x0) [0x2b4018]
·! 0:00:00.919903 ppu_loader: **** sysPrxForUser import: [sys_lwmutex_lock] (0x1573dc3f) -> 0x2b3814
·! 0:00:00.919905 ppu_loader: **** sysPrxForUser import: [sys_lwmutex_unlock] (0x1bc200f4) -> 0x2b3834
·! 0:00:00.919907 ppu_loader: **** sysPrxForUser import: [sys_ppu_thread_create] (0x24a1ea07) -> 0x2b3854
·! 0:00:00.919909 ppu_loader: **** sysPrxForUser import: [_sys_process_atexitspawn] (0x2c847572) -> 0x2b3874
·! 0:00:00.919911 ppu_loader: **** sysPrxForUser import: [sys_lwmutex_create] (0x2f85c0ef) -> 0x2b3894
·! 0:00:00.919912 ppu_loader: **** sysPrxForUser import: [sys_ppu_thread_get_id] (0x350d454e) -> 0x2b38b4
·! 0:00:00.919914 ppu_loader: **** sysPrxForUser import: [sys_initialize_tls] (0x744680a2) -> 0x2b38d4
·! 0:00:00.919916 ppu_loader: **** sysPrxForUser import: [sys_time_get_system_time] (0x8461e528) -> 0x2b38f4
·! 0:00:00.919918 ppu_loader: **** sysPrxForUser import: [sys_prx_exitspawn_with_level] (0xa2c7ba64) -> 0x2b3914
·! 0:00:00.919920 ppu_loader: **** sysPrxForUser import: [sys_ppu_thread_exit] (0xaff080a4) -> 0x2b3934
·! 0:00:00.919921 ppu_loader: **** sysPrxForUser import: [sys_mmapper_allocate_memory] (0xb257540b) -> 0x2b3954
·! 0:00:00.919923 ppu_loader: **** sysPrxForUser import: [sys_lwmutex_destroy] (0xc3476d0c) -> 0x2b3974
·! 0:00:00.919925 ppu_loader: **** sysPrxForUser import: [sys_mmapper_map_memory] (0xdc578057) -> 0x2b3994
·! 0:00:00.919927 ppu_loader: **** sysPrxForUser import: [sys_spu_image_close] (0xe0da8efd) -> 0x2b39b4
·! 0:00:00.919928 ppu_loader: **** sysPrxForUser import: [sys_process_exit] (0xe6f2c1e7) -> 0x2b39d4
·! 0:00:00.920157 SYS: Cache: C:/a2h/lau/program/emu/rpc/cache/NPEB00026/ppu-4RxJMiVsRHy4U5LhWLWXZuUGvNcG-EBOOT.BIN/
·S 0:00:00.923934 PPU: Enabled: Non-Java Mode Fixup
·! 0:00:00.945805 cellSysutil: cellAudioOut: found support for Linear PCM 2 Ch.
·! 0:00:00.945812 cellSysutil: cellAudioOut: found support for Linear PCM 5.1 Ch.
·! 0:00:00.945814 cellSysutil: cellAudioOut: added primary mode: type=0, channel=2, fs=4, layout=1
·! 0:00:00.945816 cellSysutil: cellAudioOut: added secondary mode: type=0, channel=2, fs=4, layout=1
·! 0:00:00.945818 cellSysutil: cellAudioOut: initial primary output configuration: channels=2, encoder=0, downmixer=0
·! 0:00:00.945820 cellSysutil: cellAudioOut: initial secondary output configuration: channels=2, encoder=0, downmixer=0
·! 0:00:01.098873 sys_usbd: Adding emulated skylander
·! 0:00:01.098880 sys_usbd: Adding emulated infinity base
·! 0:00:01.098887 CFG: Loading usio config: C:/a2h/lau/program/emu/rpc/config/usio.yml
·! 0:00:01.099767 sys_usbd: Adding emulated USIO
·! 0:00:01.100110 CFG: Loading gem config: C:/a2h/lau/program/emu/rpc/config/gem.yml
·! 0:00:01.101131 Music: Constructing Qt music handler...
·! 0:00:01.162911 {Gem Thread} cellGem: Starting thread
·! 0:00:01.163237 {RsxAudio Backend Thread} SIG: Thread time: 0.000000s (0.000302Gc); Faults: 0 [rsx:0, spu:0]; [soft:0 hard:0]; Switches:[vol:0 unvol:0]; Wait:[0.000s, spur:0]
·! 0:00:01.163476 {NP Handler Thread} SIG: Thread time: 0.000000s (0.000299Gc); Faults: 0 [rsx:0, spu:0]; [soft:0 hard:0]; Switches:[vol:0 unvol:0]; Wait:[0.000s, spur:0]
·! 0:00:01.166419 {GDB Server} GDB: Started listening on '127.0.0.1:2345'.
·! 0:00:01.170018 {cellAudio Thread} Cubeb: Using backend wasapi
·! 0:00:01.170873 {cellAudio Thread} cellAudio: cellAudio initializing. Backend: Cubeb
·! 0:00:01.170878 {cellAudio Thread} Cubeb: Trying to open default device
·! 0:00:01.170879 {cellAudio Thread} Cubeb: Searching for default device
·! 0:00:01.173830 CFG: Loading recording config from 'C:/a2h/lau/program/emu/rpc/config/recording.yml'
·! 0:00:01.198111 {cellAudio Thread} Cubeb: Found 7 possible output devices
·! 0:00:01.198129 {cellAudio Thread} Cubeb: Found device '{0.0.0.00000000}.{5fc72c81-5e5e-4c09-a299-e3f95ce9e2fe}' with 2 channels
·! 0:00:01.208590 {cellAudio Thread} Cubeb: Stream started
·A 0:00:01.285697 RSX: Found Vulkan-compatible GPU: 'AMD Radeon RX 6600' running on driver 2.0.283
·E 0:00:01.287586 RSX: Your GPU does not support alpha-to-one for multisampling. Graphics may be inaccurate when MSAA is enabled.
·! 0:00:01.287593 RSX: GPU/driver supports float16 data types natively. Using native float16_t variables if possible.
·! 0:00:01.319194 RSX: 14 extensions loaded:
·! 0:00:01.319218 RSX: ** Using VK_KHR_swapchain
·! 0:00:01.319219 RSX: ** Using VK_KHR_shader_float16_int8
·! 0:00:01.319221 RSX: ** Using VK_EXT_conditional_rendering
·! 0:00:01.319222 RSX: ** Using VK_EXT_depth_range_unrestricted
·! 0:00:01.319223 RSX: ** Using VK_KHR_external_memory
·! 0:00:01.319224 RSX: ** Using VK_EXT_external_memory_host
·! 0:00:01.319225 RSX: ** Using VK_EXT_shader_stencil_export
·! 0:00:01.319226 RSX: ** Using VK_KHR_sampler_mirror_clamp_to_edge
·! 0:00:01.319227 RSX: ** Using VK_KHR_maintenance3
·! 0:00:01.319228 RSX: ** Using VK_EXT_descriptor_indexing
·! 0:00:01.319230 RSX: ** Using VK_EXT_attachment_feedback_loop_layout
·! 0:00:01.319231 RSX: ** Using VK_KHR_fragment_shader_barycentric
·! 0:00:01.319232 RSX: ** Using VK_EXT_custom_border_color
·! 0:00:01.319233 RSX: ** Using VK_KHR_synchronization2
·! 0:00:01.319906 RSX: Detected 8176 MB of device local memory
·! 0:00:01.319916 RSX: Detected 7856 MB of host coherent memory
·! 0:00:01.319919 RSX: Detected 256 MB of BAR memory
·! 0:00:01.321876 RSX: Vulkan: Renderer initialized on device 'AMD Radeon RX 6600'
·! 0:00:01.322427 RSX: Swapchain: present mode 2 in use.
·! 0:00:01.322432 RSX: Swapchain: requesting full screen exclusive mode 0.
·! 0:00:01.711422 {Pad Thread} Input: Using input configuration: 'Default' (override='')
·! 0:00:01.711431 {Pad Thread} Input: Loading pad config (title_id='NPEB00026', config_file='Default', strict=0)
·! 0:00:01.711634 {Pad Thread} Input: Loading input configuration: 'C:/a2h/lau/program/emu/rpc/config/input_configs/global/Default.yml'
·! 0:00:01.718399 {Pad Thread} Input: Loading pad config (title_id='NPEB00026', config_file='Default', strict=0)
·! 0:00:01.718541 {Pad Thread} Input: Loading input configuration: 'C:/a2h/lau/program/emu/rpc/config/input_configs/global/Default.yml'
·! 0:00:01.726904 {Pad Thread} Input: Pad 0: device='XInput Pad #1', handler=XInput, VID=0x54c, PID=0x268, class_type=0x0, class_profile=0x0
·! 0:00:01.727930 {Pad Thread} Input: Pad 1: device='XInput Pad #2', handler=XInput, VID=0x54c, PID=0x268, class_type=0x0, class_profile=0x0
·! 0:00:01.728870 {Pad Thread} Input: Pad 2: device='XInput Pad #3', handler=XInput, VID=0x54c, PID=0x268, class_type=0x0, class_profile=0x0
·! 0:00:01.729856 {Pad Thread} Input: Pad 3: device='XInput Pad #4', handler=XInput, VID=0x54c, PID=0x268, class_type=0x0, class_profile=0x0
·! 0:00:01.729860 {Pad Thread} Input: Pad 4: device='Null', handler=Null, VID=0x0, PID=0x0, class_type=0x0, class_profile=0x0
·! 0:00:01.729862 {Pad Thread} Input: Pad 5: device='Null', handler=Null, VID=0x0, PID=0x0, class_type=0x0, class_profile=0x0
·! 0:00:01.729864 {Pad Thread} Input: Pad 6: device='Null', handler=Null, VID=0x0, PID=0x0, class_type=0x0, class_profile=0x0
·! 0:00:01.729866 {Pad Thread} Input: Stopping pad threads...
·! 0:00:01.729867 {Pad Thread} Input: Pad threads stopped
·S 0:00:01.729868 {Pad Thread} Input: The pad mode was changed to Single-threaded
·S 0:00:01.730400 {Pad Thread} Input: XInput device 0 connected
·S 0:00:01.730448 {Pad Thread} Input: XInput device 1 connected
·S 0:00:01.730472 {Pad Thread} Input: XInput device 2 connected
·S 0:00:01.730492 {Pad Thread} Input: XInput device 3 connected
·W 0:00:01.731683 ppu_loader: Loading library: liblv2.sprx
·! 0:00:01.732583 ppu_loader: ** Segment: p_type=0x1, p_vaddr=0x0, p_filesz=0x13b68, p_memsz=0x13b68, flags=0x400005
·W 0:00:01.732881 ppu_loader: **** Loaded to 0x780000...0x793b67 (size=0x13b68)
·! 0:00:01.733330 ppu_loader: ** Segment: p_type=0x1, p_vaddr=0x13b70, p_filesz=0xd94, p_memsz=0x161c, flags=0x600006
·W 0:00:01.733459 ppu_loader: **** Loaded to 0x7a0000...0x7a161b (size=0x161c)
·! 0:00:01.733472 ppu_loader: ** Segment: p_type=0x700000a4, p_vaddr=0x0, p_filesz=0x61b0, p_memsz=0x0, flags=0x0
·W 0:00:01.733506 ppu_loader: Library liblv2 (rtoc=0x7a8ab0):
·! 0:00:01.733511 ppu_loader: ** Special: [module_start] at 0x7a0068 [0x780000, 0x7a8ab0]
·! 0:00:01.733515 ppu_loader: ** Special: [module_stop] at 0x7a0058 [0x780080, 0x7a8ab0]
·! 0:00:01.733517 ppu_loader: ** Special: &[module_info] at 0x79271c
·W 0:00:01.733905 ppu_loader: PRX hash of liblv2.sprx[0]: PRX-c9VETqvrccU7eam1vSRGNgGd6zRY-0
·W 0:00:01.733910 ppu_loader: PRX hash of liblv2.sprx[1]: PRX-c9VETqvrccU7eam1vSRGNgGd6zRY-1
·W 0:00:01.734509 PPU: [0x780000] Jump table not found! 0x78007c-0x793b68
·W 0:00:01.734513 PPU: [0x780044] Jump table not found! 0x78007c-0x793b68
·! 0:00:01.736162 PPU: Function analysis: 330 functions (419 enqueued)
·W 0:00:01.739560 PPU: Block 0x780000 will be compiled on per-instruction basis (size=0x40)
·W 0:00:01.739598 PPU: Block 0x780044 will be compiled on per-instruction basis (size=0x38)
·! 0:00:01.745823 PPU: 30 instructions will be compiled on per-instruction basis in total
·! 0:00:01.745827 PPU: Block analysis: 3637 blocks (1 enqueued)
·! 0:00:01.745862 ppu_loader: ** Special: [module_start] at 0x7a0068 [0x780000, 0x7a8ab0]
·! 0:00:01.745865 ppu_loader: ** Special: [module_stop] at 0x7a0058 [0x780080, 0x7a8ab0]
·! 0:00:01.745867 ppu_loader: ** Special: &[module_info] at 0x79271c
·! 0:00:01.745868 ppu_loader: ** Exported module 'sysPrxForUser' (vnids=0x1c000001, vstubs=0x10002, version=0x1, attributes=0x1, unk4=0x0, unk5=0x0)
·! 0:00:01.745874 ppu_loader: **** sysPrxForUser export: [__sys_printf_basename] (0x02e20ec1) at 0x7a0788 [at:0x78ea30]
·! 0:00:01.745878 ppu_loader: **** sysPrxForUser export: [sys_prx_get_module_id_by_address] (0x0341bb97) at 0x7a0880 [at:0x79089c]
·! 0:00:01.745880 ppu_loader: **** sysPrxForUser export: [_sys_strncmp] (0x04e83d2c) at 0x7a0708 [at:0x78da44]
·! 0:00:01.745882 ppu_loader: **** sysPrxForUser export: [_sys_strcat] (0x052d29a6) at 0x7a06d8 [at:0x78d7e8]
·! 0:00:01.745884 ppu_loader: **** sysPrxForUser export: [sys_mempool_try_allocate_block] (0x05c65656) at 0x7a0188 [at:0x782008]
·! 0:00:01.745886 ppu_loader: **** sysPrxForUser export: [_sys_vsnprintf] (0x0618936b) at 0x7a06b8 [at:0x78d650]
·! 0:00:01.745888 ppu_loader: **** sysPrxForUser export: [_sys_snprintf] (0x06574237) at 0x7a06c8 [at:0x78d6fc]
·! 0:00:01.745890 ppu_loader: **** sysPrxForUser export: [0x094FF0D1] (0x094ff0d1) at 0x7a0aa0 [at:0x792654]
·! 0:00:01.745892 ppu_loader: **** sysPrxForUser export: [0x0FB028AF] (0x0fb028af) at 0x7a04a8 [at:0x786aec]
·! 0:00:01.745894 ppu_loader: **** sysPrxForUser export: [0x121E5DA5] (0x121e5da5) at 0x7a00c8 [at:0x7809d4]
·! 0:00:01.745896 ppu_loader: **** sysPrxForUser export: [sys_lwmutex_lock] (0x1573dc3f) at 0x7a0328 [at:0x78562c]
·! 0:00:01.745898 ppu_loader: **** sysPrxForUser export: [_sys_strrchr] (0x191f0c4a) at 0x7a0718 [at:0x78db78]
·! 0:00:01.745900 ppu_loader: **** sysPrxForUser export: [_sys_spu_printf_attach_thread] (0x1ae10b92) at 0x7a0450 [at:0x786824]
·! 0:00:01.745902 ppu_loader: **** sysPrxForUser export: [sys_lwmutex_unlock] (0x1bc200f4) at 0x7a0308 [at:0x78512c]
·! 0:00:01.745904 ppu_loader: **** sysPrxForUser export: [sys_lwcond_destroy] (0x1c9a942c) at 0x7a0390 [at:0x7859bc]
·! 0:00:01.745906 ppu_loader: **** sysPrxForUser export: [_sys_strncasecmp] (0x1ca525a2) at 0x7a0700 [at:0x78d954]
·! 0:00:01.745908 ppu_loader: **** sysPrxForUser export: [sys_spu_elf_get_information] (0x1ed454ce) at 0x7a01b0 [at:0x7827d8]
·! 0:00:01.745910 ppu_loader: **** sysPrxForUser export: [sys_ppu_thread_create] (0x24a1ea07) at 0x7a02d8 [at:0x784cd4]
·! 0:00:01.745912 ppu_loader: **** sysPrxForUser export: [0x25062C8E] (0x25062c8e) at 0x7a0150 [at:0x781874]
·! 0:00:01.745914 ppu_loader: **** sysPrxForUser export: [sys_mempool_get_count] (0x25596f51) at 0x7a0178 [at:0x781ee4]
·! 0:00:01.745916 ppu_loader: **** sysPrxForUser export: [sys_prx_load_module] (0x26090058) at 0x7a0890 [at:0x790938]
·! 0:00:01.745918 ppu_loader: **** sysPrxForUser export: [_sys_memmove] (0x27427742) at 0x7a0680 [at:0x78b4c8]
·! 0:00:01.745919 ppu_loader: **** sysPrxForUser export: [sys_lwcond_wait] (0x2a6d9d51) at 0x7a03a0 [at:0x785a58]
·! 0:00:01.745922 ppu_loader: **** sysPrxForUser export: [_sys_process_atexitspawn] (0x2c847572) at 0x7a0118 [at:0x780e64]
·! 0:00:01.745923 ppu_loader: **** sysPrxForUser export: [_sys_strlen] (0x2d36462b) at 0x7a06f8 [at:0x78d910]
·! 0:00:01.745926 ppu_loader: **** sysPrxForUser export: [sys_rsxaudio_import_shared_memory] (0x2f256b29) at 0x7a0a68 [at:0x792574]
·! 0:00:01.745928 ppu_loader: **** sysPrxForUser export: [sys_lwmutex_create] (0x2f85c0ef) at 0x7a02f0 [at:0x784f04]
·! 0:00:01.745930 ppu_loader: **** sysPrxForUser export: [sys_game_get_temperature] (0x3172759d) at 0x7a04e8 [at:0x786d10]
·! 0:00:01.745932 ppu_loader: **** sysPrxForUser export: [_sys_memalign] (0x318f17e1) at 0x7a0770 [at:0x78e9b8]
·! 0:00:01.745934 ppu_loader: **** sysPrxForUser export: [sys_ppu_thread_get_id] (0x350d454e) at 0x7a02e8 [at:0x784ee4]
·! 0:00:01.745935 ppu_loader: **** sysPrxForUser export: [_sys_heap_malloc] (0x35168520) at 0x7a0550 [at:0x78740c]
·! 0:00:01.745937 ppu_loader: **** sysPrxForUser export: [sys_rsxaudio_unimport_shared_memory] (0x39e9b068) at 0x7a0a70 [at:0x792594]
·! 0:00:01.745939 ppu_loader: **** sysPrxForUser export: [_sys_memchr] (0x3bd53c7b) at 0x7a0670 [at:0x78a6f8]
·! 0:00:01.745941 ppu_loader: **** sysPrxForUser export: [sys_ppu_thread_register_atexit] (0x3dd4a957) at 0x7a02a8 [at:0x7847b8]
·! 0:00:01.745943 ppu_loader: **** sysPrxForUser export: [__sys_look_ctype_table] (0x3ef17f8c) at 0x7a0650 [at:0x78a5f4]
·! 0:00:01.745945 ppu_loader: **** sysPrxForUser export: [sys_mmapper_free_memory] (0x409ad939) at 0x7a0468 [at:0x78691c]
·! 0:00:01.745947 ppu_loader: **** sysPrxForUser export: [_sys_panic] (0x4232b0db) at 0x7a0690 [at:0x78c790]
·! 0:00:01.745949 ppu_loader: **** sysPrxForUser export: [sys_prx_register_library] (0x42b23552) at 0x7a0840 [at:0x7901b0]
·! 0:00:01.745951 ppu_loader: **** sysPrxForUser export: [_sys_heap_memalign] (0x44265c08) at 0x7a0560 [at:0x787610]
·! 0:00:01.745953 ppu_loader: **** sysPrxForUser export: [_sys_strcmp] (0x459b4393) at 0x7a06e8 [at:0x78d87c]
·! 0:00:01.745955 ppu_loader: **** sysPrxForUser export: [_sys_spu_printf_initialize] (0x45fe2fce) at 0x7a0430 [at:0x786718]
·! 0:00:01.745957 ppu_loader: **** sysPrxForUser export: [sys_mmapper_unmap_memory] (0x4643ba6e) at 0x7a0478 [at:0x78695c]
·! 0:00:01.745959 ppu_loader: **** sysPrxForUser export: [sys_interrupt_thread_disestablish] (0x4a071d98) at 0x7a02c8 [at:0x784bfc]
·! 0:00:01.745960 ppu_loader: **** sysPrxForUser export: [_sys_tolower] (0x4b2f301a) at 0x7a0658 [at:0x78a610]
·! 0:00:01.745962 ppu_loader: **** sysPrxForUser export: [_sys_net_eurus_post_command] (0x4bbf59d0) at 0x7a0a50 [at:0x792514]
·! 0:00:01.745964 ppu_loader: **** sysPrxForUser export: [sys_process_is_stack] (0x4f7172c9) at 0x7a0078 [at:0x78019c]
·! 0:00:01.745966 ppu_loader: **** sysPrxForUser export: [sys_spinlock_unlock] (0x5267cb35) at 0x7a0428 [at:0x786708]
·! 0:00:01.745968 ppu_loader: **** sysPrxForUser export: [sys_lwcond_signal_to] (0x52aadadf) at 0x7a03b8 [at:0x785f94]
·! 0:00:01.745970 ppu_loader: **** sysPrxForUser export: [_sys_spu_printf_detach_group] (0x5fdfb2fe) at 0x7a0448 [at:0x7867c8]
·! 0:00:01.745972 ppu_loader: **** sysPrxForUser export: [sys_mempool_free_block] (0x608212fc) at 0x7a0190 [at:0x7820e0]
·! 0:00:01.745974 ppu_loader: **** sysPrxForUser export: [sys_game_get_system_sw_version] (0x620e35a7) at 0x7a04c8 [at:0x786b9c]
·! 0:00:01.745976 ppu_loader: **** sysPrxForUser export: [_proc_spawn] (0x637bdaae) at 0x7a00a8 [at:0x78071c]
·! 0:00:01.745978 ppu_loader: **** sysPrxForUser export: [sys_game_process_exitspawn2] (0x67f9fedb) at 0x7a0128 [at:0x780e94]
·! 0:00:01.745980 ppu_loader: **** sysPrxForUser export: [_sys_memset] (0x68b9b011) at 0x7a0688 [at:0x78c678]
·! 0:00:01.745982 ppu_loader: **** sysPrxForUser export: [_sys_memcpy] (0x6bf66ea7) at 0x7a0678 [at:0x78a744]
·! 0:00:01.745984 ppu_loader: **** sysPrxForUser export: [sys_game_watchdog_stop] (0x6e05231d) at 0x7a04b8 [at:0x786b5c]
·! 0:00:01.745986 ppu_loader: **** sysPrxForUser export: [sys_mmapper_allocate_memory_from_container] (0x70258515) at 0x7a04a0 [at:0x786aa4]
·! 0:00:01.745988 ppu_loader: **** sysPrxForUser export: [sys_get_random_number] (0x71a8472a) at 0x7a03e8 [at:0x786530]
·! 0:00:01.746005 ppu_loader: **** sysPrxForUser export: [sys_spinlock_trylock] (0x722a0254) at 0x7a0420 [at:0x7866bc]
·! 0:00:01.746007 ppu_loader: **** sysPrxForUser export: [0x728FD7C3] (0x728fd7c3) at 0x7a0168 [at:0x781c34]
·! 0:00:01.746009 ppu_loader: **** sysPrxForUser export: [sys_prx_get_my_module_id] (0x74311398) at 0x7a0858 [at:0x790530]
·! 0:00:01.746011 ppu_loader: **** sysPrxForUser export: [sys_initialize_tls] (0x744680a2) at 0x7a0298 [at:0x7843c4]
·! 0:00:01.746012 ppu_loader: **** sysPrxForUser export: [_sys_strchr] (0x7498887b) at 0x7a06e0 [at:0x78d830]
·! 0:00:01.746014 ppu_loader: **** sysPrxForUser export: [0x750DD5CD] (0x750dd5cd) at 0x7a0148 [at:0x7814f0]
·! 0:00:01.746016 ppu_loader: **** sysPrxForUser export: [_sys_vsprintf] (0x791b9219) at 0x7a06c0 [at:0x78d6c4]
·! 0:00:01.746018 ppu_loader: **** sysPrxForUser export: [sys_rsxaudio_prepare_process] (0x7b034c78) at 0x7a0a88 [at:0x7925f4]
·! 0:00:01.746020 ppu_loader: **** sysPrxForUser export: [0x7DAFF8BB] (0x7daff8bb) at 0x7a0160 [at:0x781bf0]
·! 0:00:01.746022 ppu_loader: **** sysPrxForUser export: [sys_prx_stop_module] (0x80fb0c19) at 0x7a0850 [at:0x7903a8]
·! 0:00:01.746024 ppu_loader: **** sysPrxForUser export: [sys_time_get_system_time] (0x8461e528) at 0x7a0330 [at:0x7856b4]
·! 0:00:01.746025 ppu_loader: **** sysPrxForUser export: [sys_prx_get_module_info] (0x84bb6774) at 0x7a0808 [at:0x78fe84]
·! 0:00:01.746042 ppu_loader: **** sysPrxForUser export: [sys_rsxaudio_finalize] (0x87c87495) at 0x7a0a60 [at:0x792554]
·! 0:00:01.746043 ppu_loader: **** sysPrxForUser export: [sys_raw_spu_load] (0x893305fa) at 0x7a01c0 [at:0x782b04]
·! 0:00:01.746045 ppu_loader: **** sysPrxForUser export: [_sys_heap_stats] (0x8985b5b6) at 0x7a0520 [at:0x787134]
·! 0:00:01.746046 ppu_loader: **** sysPrxForUser export: [console_getc] (0x8a2f159b) at 0x7a0340 [at:0x785780]
·! 0:00:01.746048 ppu_loader: **** sysPrxForUser export: [_sys_heap_free] (0x8a561d92) at 0x7a0548 [at:0x787380]
·! 0:00:01.746050 ppu_loader: **** sysPrxForUser export: [sys_game_board_storage_write] (0x8bb03ab8) at 0x7a04e0 [at:0x786c7c]
·! 0:00:01.746051 ppu_loader: **** sysPrxForUser export: [sys_spinlock_initialize] (0x8c2bb498) at 0x7a0410 [at:0x786638]
·! 0:00:01.746053 ppu_loader: **** sysPrxForUser export: [__tls_get_addr] (0x8cfef376) at 0x7a0838 [at:0x790184]
·! 0:00:01.746055 ppu_loader: **** sysPrxForUser export: [0x92A7EB40] (0x92a7eb40) at 0x7a00a0 [at:0x7805c0]
·! 0:00:01.746056 ppu_loader: **** sysPrxForUser export: [_sys_process_at_Exitspawn] (0x96328741) at 0x7a0120 [at:0x780e7c]
·! 0:00:01.746058 ppu_loader: **** sysPrxForUser export: [_sys_strncat] (0x996f7cf8) at 0x7a04f0 [at:0x786e0c]
·! 0:00:01.746060 ppu_loader: **** sysPrxForUser export: [_sys_strcpy] (0x99c88692) at 0x7a06f0 [at:0x78d8ec]
·! 0:00:01.746061 ppu_loader: **** sysPrxForUser export: [sys_rsxaudio_start_process] (0x9c9605ee) at 0x7a0a90 [at:0x792614]
·! 0:00:01.746063 ppu_loader: **** sysPrxForUser export: [sys_process_spawn] (0x9d2ec4ff) at 0x7a00e0 [at:0x780b08]
·! 0:00:01.746064 ppu_loader: **** sysPrxForUser export: [sys_mempool_destroy] (0x9d3c0f81) at 0x7a0198 [at:0x782208]
·! 0:00:01.746066 ppu_loader: **** sysPrxForUser export: [sys_game_watchdog_start] (0x9e0623b5) at 0x7a04b0 [at:0x786b3c]
·! 0:00:01.746068 ppu_loader: **** sysPrxForUser export: [_sys_printf] (0x9f04f7af) at 0x7a07f0 [at:0x78fc54]
·! 0:00:01.746069 ppu_loader: **** sysPrxForUser export: [sys_prx_start_module] (0x9f18429d) at 0x7a08b8 [at:0x7910c4]
·! 0:00:01.746071 ppu_loader: **** sysPrxForUser export: [sys_game_get_rtc_status] (0x9f950780) at 0x7a04d0 [at:0x786bb8]
·! 0:00:01.746072 ppu_loader: **** sysPrxForUser export: [0x9FB6228E] (0x9fb6228e) at 0x7a0698 [at:0x78c824]
·! 0:00:01.746074 ppu_loader: **** sysPrxForUser export: [sys_mempool_allocate_block] (0xa146a143) at 0x7a0180 [at:0x781f24]
·! 0:00:01.746075 ppu_loader: **** sysPrxForUser export: [_sys_sprintf] (0xa1f9eafe) at 0x7a06d0 [at:0x78d790]
·! 0:00:01.746077 ppu_loader: **** sysPrxForUser export: [sys_spinlock_lock] (0xa285139d) at 0x7a0418 [at:0x786648]
·! 0:00:01.746078 ppu_loader: **** sysPrxForUser export: [sys_prx_exitspawn_with_level] (0xa2c7ba64) at 0x7a08a0 [at:0x790ba4]
·! 0:00:01.746080 ppu_loader: **** sysPrxForUser export: [sys_prx_load_module_on_memcontainer_by_fd] (0xa330ad84) at 0x7a08d0 [at:0x7915b0]
·! 0:00:01.746082 ppu_loader: **** sysPrxForUser export: [sys_ppu_thread_once] (0xa3e3be68) at 0x7a02b0 [at:0x784940]
·! 0:00:01.746083 ppu_loader: **** sysPrxForUser export: [sys_prx_get_module_list] (0xa5d06bf0) at 0x7a0878 [at:0x790804]
·! 0:00:01.746085 ppu_loader: **** sysPrxForUser export: [sys_rsxaudio_create_connection] (0xa9879a33) at 0x7a0a78 [at:0x7925b4]
·! 0:00:01.746086 ppu_loader: **** sysPrxForUser export: [sys_prx_load_module_on_memcontainer] (0xaa6d9bff) at 0x7a08e0 [at:0x791928]
·! 0:00:01.746088 ppu_loader: **** sysPrxForUser export: [sys_ppu_thread_unregister_atexit] (0xac6fc404) at 0x7a02a0 [at:0x78468c]
·! 0:00:01.746090 ppu_loader: **** sysPrxForUser export: [sys_game_watchdog_clear] (0xacad8fb6) at 0x7a04c0 [at:0x786b7c]
·! 0:00:01.746092 ppu_loader: **** sysPrxForUser export: [sys_lwmutex_trylock] (0xaeb78725) at 0x7a0300 [at:0x785044]
·! 0:00:01.746093 ppu_loader: **** sysPrxForUser export: [_sys_heap_delete_heap] (0xaede4b03) at 0x7a0570 [at:0x78784c]
·! 0:00:01.746094 ppu_loader: **** sysPrxForUser export: [sys_ppu_thread_exit] (0xaff080a4) at 0x7a02e0 [at:0x784df0]
·! 0:00:01.746096 ppu_loader: **** sysPrxForUser export: [sys_rsxaudio_close_connection] (0xb1bd7a61) at 0x7a0a80 [at:0x7925d4]
·! 0:00:01.746098 ppu_loader: **** sysPrxForUser export: [sys_mmapper_allocate_memory] (0xb257540b) at 0x7a0460 [at:0x7868dc]
·! 0:00:01.746099 ppu_loader: **** sysPrxForUser export: [sys_prx_load_module_list] (0xb27c8ae7) at 0x7a08c8 [at:0x791408]
·! 0:00:01.746101 ppu_loader: **** sysPrxForUser export: [_sys_heap_create_heap] (0xb2fcf2c8) at 0x7a0568 [at:0x7876d4]
·! 0:00:01.746102 ppu_loader: **** sysPrxForUser export: [_sys_spu_printf_detach_thread] (0xb3bbcf2a) at 0x7a0458 [at:0x786880]
·! 0:00:01.746104 ppu_loader: **** sysPrxForUser export: [0xB5D5F64E] (0xb5d5f64e) at 0x7a0380 [at:0x78582c]
·! 0:00:01.746105 ppu_loader: **** sysPrxForUser export: [_sys_heap_get_total_free_size] (0xb6369393) at 0x7a0540 [at:0x787300]
·! 0:00:01.746107 ppu_loader: **** sysPrxForUser export: [sys_raw_spu_image_load] (0xb995662e) at 0x7a01b8 [at:0x7829bc]
·! 0:00:01.746108 ppu_loader: **** sysPrxForUser export: [_sys_heap_alloc_heap_memory] (0xb9bf1078) at 0x7a0558 [at:0x7874bc]
·! 0:00:01.746110 ppu_loader: **** sysPrxForUser export: [_sys_process_wait_for_game_process] (0xbab62b99) at 0x7a0140 [at:0x7814e4]
·! 0:00:01.746112 ppu_loader: **** sysPrxForUser export: [_sys_malloc] (0xbdb18f83) at 0x7a0778 [at:0x78e9f0]
·! 0:00:01.746113 ppu_loader: **** sysPrxForUser export: [sys_process_spawn_with_memory_budget] (0xbf8ee5bb) at 0x7a00b8 [at:0x780978]
·! 0:00:01.746115 ppu_loader: **** sysPrxForUser export: [sys_lwmutex_destroy] (0xc3476d0c) at 0x7a0310 [at:0x7851b8]
·! 0:00:01.746117 ppu_loader: **** sysPrxForUser export: [_sys_qsort] (0xc4fd6121) at 0x7a0750 [at:0x78e894]
·! 0:00:01.746119 ppu_loader: **** sysPrxForUser export: [sys_rsxaudio_initialize] (0xc839bb4c) at 0x7a0a58 [at:0x792534]
·! 0:00:01.746120 ppu_loader: **** sysPrxForUser export: [sys_mempool_create] (0xca9a60bf) at 0x7a0170 [at:0x781c74]
·! 0:00:01.746122 ppu_loader: **** sysPrxForUser export: [sys_prx_unregister_library] (0xd0ea47a7) at 0x7a0898 [at:0x790ad0]
·! 0:00:01.746124 ppu_loader: **** sysPrxForUser export: [0xD19688BC] (0xd19688bc) at 0x7a00d0 [at:0x780a44]
·! 0:00:01.746126 ppu_loader: **** sysPrxForUser export: [_sys_heap_get_mallinfo] (0xd1ad4570) at 0x7a0538 [at:0x787204]
·! 0:00:01.746127 ppu_loader: **** sysPrxForUser export: [_sys_strncpy] (0xd3039d4d) at 0x7a0710 [at:0x78dac4]
·! 0:00:01.746129 ppu_loader: **** sysPrxForUser export: [0xD66C2D52] (0xd66c2d52) at 0x7a0490 [at:0x786a3c]
·! 0:00:01.746131 ppu_loader: **** sysPrxForUser export: [0xD8A6F882] (0xd8a6f882) at 0x7a0498 [at:0x786a84]
·! 0:00:01.746132 ppu_loader: **** sysPrxForUser export: [sys_lwcond_create] (0xda0eb71a) at 0x7a0398 [at:0x7859fc]
·! 0:00:01.746134 ppu_loader: **** sysPrxForUser export: [sys_spu_elf_get_segments] (0xdb6b3250) at 0x7a01a8 [at:0x7824b8]
·! 0:00:01.746136 ppu_loader: **** sysPrxForUser export: [sys_mmapper_map_memory] (0xdc578057) at 0x7a0470 [at:0x78693c]
·! 0:00:01.746137 ppu_loader: **** sysPrxForUser export: [_sys_spu_printf_attach_group] (0xdd0c1e09) at 0x7a0440 [at:0x78676c]
·! 0:00:01.746139 ppu_loader: **** sysPrxForUser export: [_sys_spu_printf_finalize] (0xdd3b27ac) at 0x7a0438 [at:0x786740]
·! 0:00:01.746140 ppu_loader: **** sysPrxForUser export: [0xDE0C682C] (0xde0c682c) at 0x7a0480 [at:0x78697c]
·! 0:00:01.746142 ppu_loader: **** sysPrxForUser export: [sys_process_atexit] (0xde2f9c85) at 0x7a00e8 [at:0x780b64]
·! 0:00:01.746144 ppu_loader: **** sysPrxForUser export: [sys_prx_get_module_id_by_name] (0xe0998dbf) at 0x7a0810 [at:0x78fed0]
·! 0:00:01.746145 ppu_loader: **** sysPrxForUser export: [sys_spu_image_close] (0xe0da8efd) at 0x7a01c8 [at:0x782f1c]
·! 0:00:01.746147 ppu_loader: **** sysPrxForUser export: [console_putc] (0xe66bac36) at 0x7a0378 [at:0x7857fc]
·! 0:00:01.746148 ppu_loader: **** sysPrxForUser export: [sys_process_exit] (0xe6f2c1e7) at 0x7a0110 [at:0x780e58]
·! 0:00:01.746150 ppu_loader: **** sysPrxForUser export: [sys_process_get_paramsfo] (0xe75c40f2) at 0x7a00c0 [at:0x780984]
·! 0:00:01.746152 ppu_loader: **** sysPrxForUser export: [sys_game_board_storage_read] (0xe76964f5) at 0x7a04d8 [at:0x786bd8]
·! 0:00:01.746153 ppu_loader: **** sysPrxForUser export: [sys_prx_load_module_list_on_memcontainer] (0xe7ef3a80) at 0x7a08c0 [at:0x79124c]
·! 0:00:01.746155 ppu_loader: **** sysPrxForUser export: [sys_process_wait_for_game_process] (0xe95ffa0a) at 0x7a0158 [at:0x781be4]
·! 0:00:01.746156 ppu_loader: **** sysPrxForUser export: [sys_lwcond_signal_all] (0xe9a1bd84) at 0x7a03c8 [at:0x786320]
·! 0:00:01.746158 ppu_loader: **** sysPrxForUser export: [sys_spu_image_import] (0xebe5f72f) at 0x7a01d0 [at:0x782f78]
·! 0:00:01.746159 ppu_loader: **** sysPrxForUser export: [0xEDEA5F4A] (0xedea5f4a) at 0x7a00d8 [at:0x780aa8]
·! 0:00:01.746161 ppu_loader: **** sysPrxForUser export: [_sys_toupper] (0xeef75113) at 0x7a0660 [at:0x78a658]
·! 0:00:01.746162 ppu_loader: **** sysPrxForUser export: [sys_prx_load_module_by_fd] (0xef68c17c) at 0x7a08d8 [at:0x791778]
·! 0:00:01.746164 ppu_loader: **** sysPrxForUser export: [sys_lwcond_signal] (0xef87a695) at 0x7a03a8 [at:0x785c08]
·! 0:00:01.746165 ppu_loader: **** sysPrxForUser export: [sys_prx_unload_module] (0xf0aece0d) at 0x7a08b0 [at:0x790fcc]
·! 0:00:01.746167 ppu_loader: **** sysPrxForUser export: [console_write] (0xf57e1d6f) at 0x7a0338 [at:0x78574c]
·! 0:00:01.746168 ppu_loader: **** sysPrxForUser export: [_sys_free] (0xf7f7fb20) at 0x7a0768 [at:0x78e988]
·! 0:00:01.746170 ppu_loader: **** sysPrxForUser export: [0xF82CF400] (0xf82cf400) at 0x7a0488 [at:0x7869d4]
·! 0:00:01.746172 ppu_loader: **** sysPrxForUser export: [0xF923DADA] (0xf923dada) at 0x7a00b0 [at:0x780844]
·! 0:00:01.746173 ppu_loader: **** sysPrxForUser export: [_sys_vprintf] (0xfa7f693d) at 0x7a07e0 [at:0x78fad0]
·! 0:00:01.746175 ppu_loader: **** sysPrxForUser export: [_sys_memcmp] (0xfb5db080) at 0x7a0668 [at:0x78a6a0]
·! 0:00:01.746176 ppu_loader: **** sysPrxForUser export: [sys_game_process_exitspawn] (0xfc52a7a9) at 0x7a0130 [at:0x781174]
·! 0:00:01.746178 ppu_loader: **** sysPrxForUser export: [__sys_time] (0xfecc05b6) at 0x7a0798 [at:0x78ea84]
·! 0:00:01.746180 ppu_loader: **** sysPrxForUser export: [sys_rsxaudio_stop_process] (0xff34c76c) at 0x7a0a98 [at:0x792634]
·! 0:00:01.746182 ppu_loader: **** sysPrxForUser export: &[sys_prx_version] at 0x7a0008
·! 0:00:01.746183 ppu_loader: ** Exported module 'sysPs2Disc' (vnids=0x1c000001, vstubs=0x10001, version=0x1, attributes=0x1, unk4=0x0, unk5=0x0)
·! 0:00:01.746187 ppu_loader: **** sysPs2Disc export: [sysPs2Disc_A84FD3C3] (0xa84fd3c3) at 0x7a03d8 [at:0x7864c0]
·! 0:00:01.746189 ppu_loader: **** sysPs2Disc export: [sysPs2Disc_BB7CD1AE] (0xbb7cd1ae) at 0x7a03d0 [at:0x786498]
·! 0:00:01.746190 ppu_loader: ** Exported module 'sysBdMediaId' (vnids=0x1c000001, vstubs=0x10001, version=0x1, attributes=0x1, unk4=0x0, unk5=0x0)
·! 0:00:01.746194 ppu_loader: **** sysBdMediaId export: [sys_get_bd_media_id] (0xef666b52) at 0x7a03e0 [at:0x7864ec]
·! 0:00:01.746195 ppu_loader: ** Exported module 'sysConsoleId' (vnids=0x0, vstubs=0x0, version=0x1, attributes=0x1, unk4=0x0, unk5=0x10101)
·! 0:00:01.746198 ppu_loader: **** sysConsoleId export: [sys_get_console_id] (0xf220f751) at 0x7a03f0 [at:0x7865e4]
·! 0:00:01.747996 {RSX Offloader} SIG: Thread time: 0.000000s (0.000254Gc); Faults: 0 [rsx:0, spu:0]; [soft:0 hard:0]; Switches:[vol:0 unvol:0]; Wait:[0.000s, spur:0]
·W 0:00:02.003376 {RSX [0x0000000]} RSX: [descriptor_manager::register] Now monitoring 1 descriptor sets
·! 0:00:02.045993 {RSX Worker 4} SIG: Thread time: 0.000000s (0.000435Gc); Faults: 0 [rsx:0, spu:0]; [soft:0 hard:0]; Switches:[vol:0 unvol:0]; Wait:[0.000s, spur:0]
·! 0:00:02.046094 {RSX Worker 13} SIG: Thread time: 0.000000s (0.000450Gc); Faults: 0 [rsx:0, spu:0]; [soft:0 hard:0]; Switches:[vol:0 unvol:0]; Wait:[0.000s, spur:0]
·! 0:00:02.045993 {RSX Worker 5} SIG: Thread time: 0.000000s (0.000381Gc); Faults: 0 [rsx:0, spu:0]; [soft:0 hard:0]; Switches:[vol:0 unvol:0]; Wait:[0.000s, spur:0]
·! 0:00:02.046174 {RSX Worker 11} SIG: Thread time: 0.000000s (0.000502Gc); Faults: 0 [rsx:0, spu:0]; [soft:0 hard:0]; Switches:[vol:0 unvol:0]; Wait:[0.000s, spur:0]
·! 0:00:02.046249 {RSX Worker 14} SIG: Thread time: 0.000000s (0.000324Gc); Faults: 0 [rsx:0, spu:0]; [soft:0 hard:0]; Switches:[vol:0 unvol:0]; Wait:[0.000s, spur:0]
·! 0:00:02.046310 {RSX Worker 15} SIG: Thread time: 0.000000s (0.000280Gc); Faults: 0 [rsx:0, spu:0]; [soft:0 hard:0]; Switches:[vol:0 unvol:0]; Wait:[0.000s, spur:0]
·! 0:00:02.046373 {RSX Worker 16} SIG: Thread time: 0.000000s (0.000263Gc); Faults: 0 [rsx:0, spu:0]; [soft:0 hard:0]; Switches:[vol:0 unvol:0]; Wait:[0.000s, spur:0]
·! 0:00:02.046448 {RSX Worker 17} SIG: Thread time: 0.000000s (0.000282Gc); Faults: 0 [rsx:0, spu:0]; [soft:0 hard:0]; Switches:[vol:0 unvol:0]; Wait:[0.000s, spur:0]
·! 0:00:02.046515 {RSX Worker 18} SIG: Thread time: 0.000000s (0.000257Gc); Faults: 0 [rsx:0, spu:0]; [soft:0 hard:0]; Switches:[vol:0 unvol:0]; Wait:[0.000s, spur:0]
·! 0:00:02.046585 {RSX Worker 19} SIG: Thread time: 0.000000s (0.000280Gc); Faults: 0 [rsx:0, spu:0]; [soft:0 hard:0]; Switches:[vol:0 unvol:0]; Wait:[0.000s, spur:0]
·! 0:00:02.046653 {RSX Worker 20} SIG: Thread time: 0.000000s (0.000261Gc); Faults: 0 [rsx:0, spu:0]; [soft:0 hard:0]; Switches:[vol:0 unvol:0]; Wait:[0.000s, spur:0]
·! 0:00:02.046718 {RSX Worker 21} SIG: Thread time: 0.000000s (0.000242Gc); Faults: 0 [rsx:0, spu:0]; [soft:0 hard:0]; Switches:[vol:0 unvol:0]; Wait:[0.000s, spur:0]
·! 0:00:02.046779 {RSX Worker 22} SIG: Thread time: 0.000000s (0.000255Gc); Faults: 0 [rsx:0, spu:0]; [soft:0 hard:0]; Switches:[vol:0 unvol:0]; Wait:[0.000s, spur:0]
·! 0:00:02.046846 {RSX Worker 23} SIG: Thread time: 0.000000s (0.000250Gc); Faults: 0 [rsx:0, spu:0]; [soft:0 hard:0]; Switches:[vol:0 unvol:0]; Wait:[0.000s, spur:0]
·! 0:00:02.046908 {RSX Worker 24} SIG: Thread time: 0.000000s (0.000276Gc); Faults: 0 [rsx:0, spu:0]; [soft:0 hard:0]; Switches:[vol:0 unvol:0]; Wait:[0.000s, spur:0]
·! 0:00:02.046971 {RSX Worker 25} SIG: Thread time: 0.000000s (0.000248Gc); Faults: 0 [rsx:0, spu:0]; [soft:0 hard:0]; Switches:[vol:0 unvol:0]; Wait:[0.000s, spur:0]
·! 0:00:02.047040 {RSX Worker 26} SIG: Thread time: 0.000000s (0.000268Gc); Faults: 0 [rsx:0, spu:0]; [soft:0 hard:0]; Switches:[vol:0 unvol:0]; Wait:[0.000s, spur:0]
·! 0:00:02.047105 {RSX Worker 27} SIG: Thread time: 0.000000s (0.000259Gc); Faults: 0 [rsx:0, spu:0]; [soft:0 hard:0]; Switches:[vol:0 unvol:0]; Wait:[0.000s, spur:0]
·! 0:00:02.047169 {RSX Worker 27} SIG: Thread time: 0.000000s (0.000229Gc); Faults: 0 [rsx:0, spu:0]; [soft:0 hard:0]; Switches:[vol:0 unvol:0]; Wait:[0.000s, spur:0]
·! 0:00:02.047619 {RSX Worker 1} SIG: Thread time: 0.000000s (0.002112Gc); Faults: 0 [rsx:0, spu:0]; [soft:0 hard:0]; Switches:[vol:0 unvol:0]; Wait:[0.000s, spur:0]
·! 0:00:02.047626 {RSX Worker 3} SIG: Thread time: 0.000000s (0.002126Gc); Faults: 0 [rsx:0, spu:0]; [soft:0 hard:0]; Switches:[vol:0 unvol:0]; Wait:[0.000s, spur:0]
·! 0:00:02.054724 {RSX Worker 6} SIG: Thread time: 0.000000s (0.010070Gc); Faults: 0 [rsx:0, spu:0]; [soft:0 hard:0]; Switches:[vol:0 unvol:0]; Wait:[0.000s, spur:0]
·! 0:00:02.055983 {RSX Worker 2} SIG: Thread time: 0.015625s (0.016796Gc); Faults: 0 [rsx:0, spu:0]; [soft:0 hard:0]; Switches:[vol:0 unvol:0]; Wait:[0.000s, spur:0]
·! 0:00:02.056024 {RSX Worker 10} SIG: Thread time: 0.000000s (0.016662Gc); Faults: 0 [rsx:0, spu:0]; [soft:0 hard:0]; Switches:[vol:0 unvol:0]; Wait:[0.000s, spur:0]
·! 0:00:02.056152 {RSX Worker 9} SIG: Thread time: 0.000000s (0.013688Gc); Faults: 0 [rsx:0, spu:0]; [soft:0 hard:0]; Switches:[vol:0 unvol:0]; Wait:[0.000s, spur:0]
·! 0:00:02.056953 {RSX Worker 12} SIG: Thread time: 0.000000s (0.015219Gc); Faults: 0 [rsx:0, spu:0]; [soft:0 hard:0]; Switches:[vol:0 unvol:0]; Wait:[0.000s, spur:0]
·! 0:00:02.057380 {RSX Worker 7} SIG: Thread time: 0.000000s (0.016860Gc); Faults: 0 [rsx:0, spu:0]; [soft:0 hard:0]; Switches:[vol:0 unvol:0]; Wait:[0.000s, spur:0]
·! 0:00:02.059394 {RSX Worker 8} SIG: Thread time: 0.000000s (0.024606Gc); Faults: 0 [rsx:0, spu:0]; [soft:0 hard:0]; Switches:[vol:0 unvol:0]; Wait:[0.000s, spur:0]
·! 0:00:02.062462 {RSX [0x0000000]} RSX: Swapchain: present mode 2 in use.
·! 0:00:02.062473 {RSX [0x0000000]} RSX: Swapchain: requesting full screen exclusive mode 0.
·! 0:00:02.209081 {RSX Worker 1} RSX: Add program (vp id = 2, fp id = 3)
·! 0:00:02.209143 {RSX Worker 8} RSX: Add program (vp id = 2, fp id = 3)
·! 0:00:02.209208 {RSX Worker 3} RSX: Add program (vp id = 0, fp id = 4)
·! 0:00:02.209270 {RSX Worker 13} RSX: Add program (vp id = 0, fp id = 4)
·! 0:00:02.209342 {RSX Worker 17} RSX: Add program (vp id = 2, fp id = 3)
·! 0:00:02.209410 {RSX Worker 6} RSX: Add program (vp id = 2, fp id = 3)
·! 0:00:02.209485 {RSX Worker 2} RSX: Add program (vp id = 2, fp id = 5)
·! 0:00:02.209552 {RSX Worker 7} RSX: Add program (vp id = 1, fp id = 6)
·! 0:00:02.209626 {RSX Worker 9} RSX: Add program (vp id = 1, fp id = 7)
·! 0:00:02.209691 {RSX Worker 10} SIG: Thread time: 0.000000s (0.000319Gc); Faults: 0 [rsx:0, spu:0]; [soft:0 hard:0]; Switches:[vol:0 unvol:0]; Wait:[0.000s, spur:0]
·! 0:00:02.209757 {RSX Worker 11} SIG: Thread time: 0.000000s (0.000297Gc); Faults: 0 [rsx:0, spu:0]; [soft:0 hard:0]; Switches:[vol:0 unvol:0]; Wait:[0.000s, spur:0]
·! 0:00:02.209770 {RSX Worker 13} SIG: Thread time: 0.000000s (0.001067Gc); Faults: 0 [rsx:0, spu:0]; [soft:0 hard:0]; Switches:[vol:0 unvol:0]; Wait:[0.000s, spur:0]
·! 0:00:02.209807 {RSX Worker 1} SIG: Thread time: 0.000000s (0.001844Gc); Faults: 0 [rsx:0, spu:0]; [soft:0 hard:0]; Switches:[vol:0 unvol:0]; Wait:[0.000s, spur:0]
·! 0:00:02.209824 {RSX Worker 12} SIG: Thread time: 0.000000s (0.000307Gc); Faults: 0 [rsx:0, spu:0]; [soft:0 hard:0]; Switches:[vol:0 unvol:0]; Wait:[0.000s, spur:0]
·! 0:00:02.209886 {RSX Worker 4} SIG: Thread time: 0.000000s (0.000275Gc); Faults: 0 [rsx:0, spu:0]; [soft:0 hard:0]; Switches:[vol:0 unvol:0]; Wait:[0.000s, spur:0]
·! 0:00:02.209901 {RSX Worker 8} SIG: Thread time: 0.000000s (0.001294Gc); Faults: 0 [rsx:0, spu:0]; [soft:0 hard:0]; Switches:[vol:0 unvol:0]; Wait:[0.000s, spur:0]
·! 0:00:02.209948 {RSX Worker 14} SIG: Thread time: 0.000000s (0.000277Gc); Faults: 0 [rsx:0, spu:0]; [soft:0 hard:0]; Switches:[vol:0 unvol:0]; Wait:[0.000s, spur:0]
·! 0:00:02.210015 {RSX Worker 15} SIG: Thread time: 0.000000s (0.000266Gc); Faults: 0 [rsx:0, spu:0]; [soft:0 hard:0]; Switches:[vol:0 unvol:0]; Wait:[0.000s, spur:0]
·! 0:00:02.210023 {RSX Worker 3} SIG: Thread time: 0.000000s (0.001177Gc); Faults: 0 [rsx:0, spu:0]; [soft:0 hard:0]; Switches:[vol:0 unvol:0]; Wait:[0.000s, spur:0]
·! 0:00:02.210075 {RSX Worker 16} SIG: Thread time: 0.000000s (0.000246Gc); Faults: 0 [rsx:0, spu:0]; [soft:0 hard:0]; Switches:[vol:0 unvol:0]; Wait:[0.000s, spur:0]
·! 0:00:02.210143 {RSX Worker 9} SIG: Thread time: 0.000000s (0.000966Gc); Faults: 0 [rsx:0, spu:0]; [soft:0 hard:0]; Switches:[vol:0 unvol:0]; Wait:[0.000s, spur:0]
·! 0:00:02.210142 {RSX Worker 5} SIG: Thread time: 0.000000s (0.000280Gc); Faults: 0 [rsx:0, spu:0]; [soft:0 hard:0]; Switches:[vol:0 unvol:0]; Wait:[0.000s, spur:0]
·! 0:00:02.210198 {RSX Worker 18} SIG: Thread time: 0.000000s (0.000221Gc); Faults: 0 [rsx:0, spu:0]; [soft:0 hard:0]; Switches:[vol:0 unvol:0]; Wait:[0.000s, spur:0]
·! 0:00:02.210260 {RSX Worker 2} SIG: Thread time: 0.000000s (0.001022Gc); Faults: 0 [rsx:0, spu:0]; [soft:0 hard:0]; Switches:[vol:0 unvol:0]; Wait:[0.000s, spur:0]
·! 0:00:02.210263 {RSX Worker 19} SIG: Thread time: 0.000000s (0.000254Gc); Faults: 0 [rsx:0, spu:0]; [soft:0 hard:0]; Switches:[vol:0 unvol:0]; Wait:[0.000s, spur:0]
·! 0:00:02.210330 {RSX Worker 20} SIG: Thread time: 0.000000s (0.000262Gc); Faults: 0 [rsx:0, spu:0]; [soft:0 hard:0]; Switches:[vol:0 unvol:0]; Wait:[0.000s, spur:0]
·! 0:00:02.210356 {RSX Worker 6} SIG: Thread time: 0.000000s (0.000949Gc); Faults: 0 [rsx:0, spu:0]; [soft:0 hard:0]; Switches:[vol:0 unvol:0]; Wait:[0.000s, spur:0]
·! 0:00:02.210391 {RSX Worker 21} SIG: Thread time: 0.000000s (0.000240Gc); Faults: 0 [rsx:0, spu:0]; [soft:0 hard:0]; Switches:[vol:0 unvol:0]; Wait:[0.000s, spur:0]
·! 0:00:02.210454 {RSX Worker 22} SIG: Thread time: 0.000000s (0.000241Gc); Faults: 0 [rsx:0, spu:0]; [soft:0 hard:0]; Switches:[vol:0 unvol:0]; Wait:[0.000s, spur:0]
·! 0:00:02.210451 {RSX Worker 17} SIG: Thread time: 0.000000s (0.001362Gc); Faults: 0 [rsx:0, spu:0]; [soft:0 hard:0]; Switches:[vol:0 unvol:0]; Wait:[0.000s, spur:0]
·! 0:00:02.210510 {RSX Worker 23} SIG: Thread time: 0.000000s (0.000225Gc); Faults: 0 [rsx:0, spu:0]; [soft:0 hard:0]; Switches:[vol:0 unvol:0]; Wait:[0.000s, spur:0]
·! 0:00:02.210537 {RSX Worker 7} SIG: Thread time: 0.000000s (0.001032Gc); Faults: 0 [rsx:0, spu:0]; [soft:0 hard:0]; Switches:[vol:0 unvol:0]; Wait:[0.000s, spur:0]
·! 0:00:02.210571 {RSX Worker 24} SIG: Thread time: 0.000000s (0.000234Gc); Faults: 0 [rsx:0, spu:0]; [soft:0 hard:0]; Switches:[vol:0 unvol:0]; Wait:[0.000s, spur:0]
·! 0:00:02.210629 {RSX Worker 25} SIG: Thread time: 0.000000s (0.000229Gc); Faults: 0 [rsx:0, spu:0]; [soft:0 hard:0]; Switches:[vol:0 unvol:0]; Wait:[0.000s, spur:0]
·! 0:00:02.210694 {RSX Worker 26} SIG: Thread time: 0.000000s (0.000262Gc); Faults: 0 [rsx:0, spu:0]; [soft:0 hard:0]; Switches:[vol:0 unvol:0]; Wait:[0.000s, spur:0]
·! 0:00:02.210779 {RSX Worker 27} SIG: Thread time: 0.000000s (0.000267Gc); Faults: 0 [rsx:0, spu:0]; [soft:0 hard:0]; Switches:[vol:0 unvol:0]; Wait:[0.000s, spur:0]
·! 0:00:02.210859 {RSX Worker 27} SIG: Thread time: 0.000000s (0.000266Gc); Faults: 0 [rsx:0, spu:0]; [soft:0 hard:0]; Switches:[vol:0 unvol:0]; Wait:[0.000s, spur:0]
·! 0:00:02.237804 {PPU[0x1000000] main_thread} PPU: Reading OPD section at 0x2f2b70...
·! 0:00:02.296779 {RSX [0x0000000]} RSX: Swapchain: present mode 2 in use.
·! 0:00:02.296794 {RSX [0x0000000]} RSX: Swapchain: requesting full screen exclusive mode 0.
·! 0:00:02.338732 {PPU[0x1000000] main_thread} PPU: Function analysis: 9296 functions (19173 enqueued)
·! 0:00:02.717289 {PPU[0x1000000] main_thread} PPU: Block analysis: 120949 blocks (1 enqueued)
·! 0:00:02.976173 {PPU Exec Worker} SIG: Thread time: 0.000000s (0.000498Gc); Faults: 0 [rsx:0, spu:0]; [soft:0 hard:0]; Switches:[vol:0 unvol:0]; Wait:[0.000s, spur:0]
·S 0:00:03.203139 {PPU[0x1000000] main_thread} PPU: LLVM: Loaded module v6-kusa-aLQ7wjiQWFuTnfz9U6uH70-00001G-broadwell.obj
·S 0:00:03.212795 {PPU[0x1000000] main_thread} PPU: LLVM: Loaded module v6-kusa-s3xChnffG9xNwpyzmxgbph-00001G-broadwell.obj
