7:44 p. m. - INFO - Fetching list of older versions
7:44 p. m. - INFO - Fetched list of older versions!
7:44 p. m. - INFO - Retrieved Database Info
7:44 p. m. - INFO - Downloading version 4036
This may take a while..
7:44 p. m. - INFO - Transferring Files
7:44 p. m. - INFO - Cleaning Up
7:44 p. m. - INFO - Done!
7:45 p. m. - INFO - Fetching list of older versions
7:45 p. m. - INFO - Fetched list of older versions!
7:45 p. m. - INFO - Retrieved Database Info
7:45 p. m. - INFO - You have the latest version!
7:47 p. m. - INFO - Fetching list of older versions
7:47 p. m. - INFO - Fetched list of older versions!
7:47 p. m. - INFO - Retrieved Database Info
7:47 p. m. - INFO - You have the latest version!
7:48 p. m. - INFO - Fetching list of older versions
7:48 p. m. - INFO - Fetched list of older versions!
7:48 p. m. - INFO - Retrieved Database Info
7:48 p. m. - INFO - You have the latest version!
9:27 p. m. - INFO - Fetching list of older versions
9:27 p. m. - INFO - Fetched list of older versions!
9:27 p. m. - INFO - Retrieved Database Info
9:27 p. m. - INFO - Downloading Update: 4046
9:27 p. m. - INFO - Extracting files..
This may take a while..
9:27 p. m. - INFO - Cleaning Up
9:27 p. m. - INFO - Done!
